2026-06-17T22:12:07.799-04:00  INFO 20416 --- [promociones-service] [main] c.t.p.PromocionesServiceApplication      : Starting PromocionesServiceApplication using Java 21.0.11 with PID 20416 (C:\Users\crist\Desktop\Proyecto\titaniumarmor\promociones-service\target\classes started by crist in C:\Users\crist\Desktop\Proyecto\titaniumarmor\promociones-service)
2026-06-17T22:12:07.831-04:00  INFO 20416 --- [promociones-service] [main] c.t.p.PromocionesServiceApplication      : No active profile set, falling back to 1 default profile: "default"
2026-06-17T22:12:10.511-04:00  INFO 20416 --- [promociones-service] [main] .s.d.r.c.RepositoryConfigurationDelegate : Bootstrapping Spring Data JPA repositories in DEFAULT mode.
2026-06-17T22:12:10.919-04:00  INFO 20416 --- [promociones-service] [main] .s.d.r.c.RepositoryConfigurationDelegate : Finished Spring Data repository scanning in 383 ms. Found 1 JPA repository interface.
2026-06-17T22:12:12.248-04:00  INFO 20416 --- [promociones-service] [main] o.s.boot.tomcat.TomcatWebServer          : Tomcat initialized with port 9098 (http)
2026-06-17T22:12:12.290-04:00  INFO 20416 --- [promociones-service] [main] o.apache.catalina.core.StandardService   : Starting service [Tomcat]
2026-06-17T22:12:12.292-04:00  INFO 20416 --- [promociones-service] [main] o.apache.catalina.core.StandardEngine    : Starting Servlet engine: [Apache Tomcat/11.0.21]
2026-06-17T22:12:12.501-04:00  INFO 20416 --- [promociones-service] [main] b.w.c.s.WebApplicationContextInitializer : Root WebApplicationContext: initialization completed in 4512 ms
2026-06-17T22:12:12.885-04:00  INFO 20416 --- [promociones-service] [main] com.zaxxer.hikari.HikariDataSource       : HikariPool-1 - Starting...
2026-06-17T22:12:13.383-04:00  INFO 20416 --- [promociones-service] [main] com.zaxxer.hikari.pool.HikariPool        : HikariPool-1 - Added connection com.mysql.cj.jdbc.ConnectionImpl@5cc1bf20
2026-06-17T22:12:13.391-04:00  INFO 20416 --- [promociones-service] [main] com.zaxxer.hikari.HikariDataSource       : HikariPool-1 - Start completed.
2026-06-17T22:12:16.030-04:00  INFO 20416 --- [promociones-service] [main] liquibase.changelog                      : Creating database changelog table with name: promociones_db.databasechangelog
2026-06-17T22:12:16.308-04:00  INFO 20416 --- [promociones-service] [main] liquibase.changelog                      : Reading from promociones_db.databasechangelog
2026-06-17T22:12:16.330-04:00  INFO 20416 --- [promociones-service] [main] liquibase.snapshot                       : Creating snapshot
2026-06-17T22:12:16.391-04:00  INFO 20416 --- [promociones-service] [main] liquibase.ui                             : Name 'PK_DATABASECHANGELOGLOCK' ignored for PRIMARY key.
2026-06-17T22:12:16.536-04:00  INFO 20416 --- [promociones-service] [main] liquibase.lockservice                    : Successfully acquired change log lock
2026-06-17T22:12:16.540-04:00  INFO 20416 --- [promociones-service] [main] liquibase.command                        : Using deploymentId: 1748732851
2026-06-17T22:12:16.547-04:00  INFO 20416 --- [promociones-service] [main] liquibase.changelog                      : Reading from promociones_db.databasechangelog
2026-06-17T22:12:16.594-04:00  INFO 20416 --- [promociones-service] [main] liquibase.ui                             : Running Changeset: db/changelog/changes/001-create-promociones-table.yaml::1::titanium
2026-06-17T22:12:16.641-04:00  INFO 20416 --- [promociones-service] [main] liquibase.ui                             : Name 'PK_PROMOCIONES' ignored for PRIMARY key.
2026-06-17T22:12:16.641-04:00  INFO 20416 --- [promociones-service] [main] liquibase.changelog                      : Table promociones created
2026-06-17T22:12:16.646-04:00  INFO 20416 --- [promociones-service] [main] liquibase.changelog                      : ChangeSet db/changelog/changes/001-create-promociones-table.yaml::1::titanium ran successfully in 43ms
2026-06-17T22:12:16.664-04:00  INFO 20416 --- [promociones-service] [main] liquibase.ui                             : Running Changeset: db/changelog/changes/001-create-promociones-table.yaml::2::titanium
2026-06-17T22:12:16.682-04:00  INFO 20416 --- [promociones-service] [main] liquibase.changelog                      : New row inserted into promociones
2026-06-17T22:12:16.686-04:00  INFO 20416 --- [promociones-service] [main] liquibase.changelog                      : New row inserted into promociones
2026-06-17T22:12:16.692-04:00  INFO 20416 --- [promociones-service] [main] liquibase.changelog                      : ChangeSet db/changelog/changes/001-create-promociones-table.yaml::2::titanium ran successfully in 26ms
2026-06-17T22:12:16.728-04:00  INFO 20416 --- [promociones-service] [main] liquibase.util                           : UPDATE SUMMARY
2026-06-17T22:12:16.730-04:00  INFO 20416 --- [promociones-service] [main] liquibase.util                           : Run:                          2
2026-06-17T22:12:16.732-04:00  INFO 20416 --- [promociones-service] [main] liquibase.util                           : Previously run:               0
2026-06-17T22:12:16.734-04:00  INFO 20416 --- [promociones-service] [main] liquibase.util                           : Filtered out:                 0
2026-06-17T22:12:16.738-04:00  INFO 20416 --- [promociones-service] [main] liquibase.util                           : -------------------------------
2026-06-17T22:12:16.740-04:00  INFO 20416 --- [promociones-service] [main] liquibase.util                           : Total change sets:            2
2026-06-17T22:12:16.742-04:00  INFO 20416 --- [promociones-service] [main] liquibase.util                           : Update summary generated
2026-06-17T22:12:16.750-04:00  INFO 20416 --- [promociones-service] [main] liquibase.command                        : Update command completed successfully.
2026-06-17T22:12:16.750-04:00  INFO 20416 --- [promociones-service] [main] liquibase.ui                             : Liquibase: Update has been successful. Rows affected: 2
2026-06-17T22:12:16.763-04:00  INFO 20416 --- [promociones-service] [main] liquibase.lockservice                    : Successfully released change log lock
2026-06-17T22:12:16.765-04:00  INFO 20416 --- [promociones-service] [main] liquibase.command                        : Command execution complete
2026-06-17T22:12:16.990-04:00  INFO 20416 --- [promociones-service] [main] org.hibernate.orm.jpa                    : HHH008540: Processing PersistenceUnitInfo [name: default]
2026-06-17T22:12:17.270-04:00  INFO 20416 --- [promociones-service] [main] org.hibernate.orm.core                   : HHH000001: Hibernate ORM core version 7.2.12.Final
2026-06-17T22:12:18.768-04:00  INFO 20416 --- [promociones-service] [main] o.s.o.j.p.SpringPersistenceUnitInfo      : No LoadTimeWeaver setup: ignoring JPA class transformer
2026-06-17T22:12:18.935-04:00  WARN 20416 --- [promociones-service] [main] org.hibernate.orm.core                   : HHH000511: The 5.5.5 version for [org.hibernate.dialect.MySQLDialect] is no longer supported, hence certain features may not work properly.The minimum supported version is 8.0.0. Check the community dialects project for available legacy versions.
2026-06-17T22:12:18.988-04:00  INFO 20416 --- [promociones-service] [main] org.hibernate.orm.connections.pooling    : HHH10001005: Database info:
	Database JDBC URL [jdbc:mysql://localhost:3306/promociones_db?createDatabaseIfNotExist=true]
	Database driver: MySQL Connector/J
	Database dialect: MySQLDialect
	Database version: 5.5.5
	Default catalog/schema: promociones_db/undefined
	Autocommit mode: undefined/unknown
	Isolation level: REPEATABLE_READ [default REPEATABLE_READ]
	JDBC fetch size: none
	Pool: DataSourceConnectionProvider
	Minimum pool size: undefined/unknown
	Maximum pool size: undefined/unknown
2026-06-17T22:12:22.899-04:00  INFO 20416 --- [promociones-service] [main] org.hibernate.orm.core                   : HHH000489: No JTA platform available (set 'hibernate.transaction.jta.platform' to enable JTA platform integration)
2026-06-17T22:12:22.933-04:00  INFO 20416 --- [promociones-service] [main] j.LocalContainerEntityManagerFactoryBean : Initialized JPA EntityManagerFactory for persistence unit 'default'
2026-06-17T22:12:23.138-04:00  INFO 20416 --- [promociones-service] [main] o.s.d.j.r.query.QueryEnhancerFactories   : Hibernate is in classpath; If applicable, HQL parser will be used.
2026-06-17T22:12:23.749-04:00  WARN 20416 --- [promociones-service] [main] JpaBaseConfiguration$JpaWebConfiguration : spring.jpa.open-in-view is enabled by default. Therefore, database queries may be performed during view rendering. Explicitly configure spring.jpa.open-in-view to disable this warning
2026-06-17T22:12:24.989-04:00  INFO 20416 --- [promociones-service] [main] o.s.boot.tomcat.TomcatWebServer          : Tomcat started on port 9098 (http) with context path '/'
2026-06-17T22:12:25.002-04:00  INFO 20416 --- [promociones-service] [main] c.t.p.PromocionesServiceApplication      : Started PromocionesServiceApplication in 18.381 seconds (process running for 19.685)
2026-06-17T22:28:48.549-04:00  INFO 19568 --- [promociones-service] [main] c.t.p.PromocionesServiceApplication      : Starting PromocionesServiceApplication using Java 21.0.11 with PID 19568 (C:\Users\crist\Desktop\Proyecto\titaniumarmor\promociones-service\target\classes started by crist in C:\Users\crist\Desktop\Proyecto\titaniumarmor\promociones-service)
2026-06-17T22:28:48.558-04:00  INFO 19568 --- [promociones-service] [main] c.t.p.PromocionesServiceApplication      : No active profile set, falling back to 1 default profile: "default"
2026-06-17T22:28:51.258-04:00  INFO 19568 --- [promociones-service] [main] .s.d.r.c.RepositoryConfigurationDelegate : Bootstrapping Spring Data JPA repositories in DEFAULT mode.
2026-06-17T22:28:51.704-04:00  INFO 19568 --- [promociones-service] [main] .s.d.r.c.RepositoryConfigurationDelegate : Finished Spring Data repository scanning in 408 ms. Found 1 JPA repository interface.
2026-06-17T22:28:53.171-04:00  INFO 19568 --- [promociones-service] [main] o.s.boot.tomcat.TomcatWebServer          : Tomcat initialized with port 9098 (http)
2026-06-17T22:28:53.256-04:00  INFO 19568 --- [promociones-service] [main] o.apache.catalina.core.StandardService   : Starting service [Tomcat]
2026-06-17T22:28:53.258-04:00  INFO 19568 --- [promociones-service] [main] o.apache.catalina.core.StandardEngine    : Starting Servlet engine: [Apache Tomcat/11.0.21]
2026-06-17T22:28:53.436-04:00  INFO 19568 --- [promociones-service] [main] b.w.c.s.WebApplicationContextInitializer : Root WebApplicationContext: initialization completed in 4738 ms
2026-06-17T22:28:53.849-04:00  INFO 19568 --- [promociones-service] [main] com.zaxxer.hikari.HikariDataSource       : HikariPool-1 - Starting...
2026-06-17T22:28:54.465-04:00  INFO 19568 --- [promociones-service] [main] com.zaxxer.hikari.pool.HikariPool        : HikariPool-1 - Added connection com.mysql.cj.jdbc.ConnectionImpl@35c8be21
2026-06-17T22:28:54.470-04:00  INFO 19568 --- [promociones-service] [main] com.zaxxer.hikari.HikariDataSource       : HikariPool-1 - Start completed.
2026-06-17T22:28:57.632-04:00  INFO 19568 --- [promociones-service] [main] liquibase.changelog                      : Creating database changelog table with name: promociones_db.databasechangelog
2026-06-17T22:28:57.970-04:00  INFO 19568 --- [promociones-service] [main] liquibase.changelog                      : Reading from promociones_db.databasechangelog
2026-06-17T22:28:57.995-04:00  INFO 19568 --- [promociones-service] [main] liquibase.snapshot                       : Creating snapshot
2026-06-17T22:28:58.056-04:00  INFO 19568 --- [promociones-service] [main] liquibase.ui                             : Name 'PK_DATABASECHANGELOGLOCK' ignored for PRIMARY key.
2026-06-17T22:28:58.217-04:00  INFO 19568 --- [promociones-service] [main] liquibase.lockservice                    : Successfully acquired change log lock
2026-06-17T22:28:58.219-04:00  INFO 19568 --- [promociones-service] [main] liquibase.command                        : Using deploymentId: 1749733803
2026-06-17T22:28:58.224-04:00  INFO 19568 --- [promociones-service] [main] liquibase.changelog                      : Reading from promociones_db.databasechangelog
2026-06-17T22:28:58.276-04:00  INFO 19568 --- [promociones-service] [main] liquibase.ui                             : Running Changeset: db/changelog/changes/001-create-promociones-table.yaml::1::titanium
2026-06-17T22:28:58.304-04:00  INFO 19568 --- [promociones-service] [main] liquibase.ui                             : Name 'PK_PROMOCIONES' ignored for PRIMARY key.
2026-06-17T22:28:58.306-04:00  INFO 19568 --- [promociones-service] [main] liquibase.changelog                      : Table promociones created
2026-06-17T22:28:58.314-04:00  INFO 19568 --- [promociones-service] [main] liquibase.changelog                      : ChangeSet db/changelog/changes/001-create-promociones-table.yaml::1::titanium ran successfully in 32ms
2026-06-17T22:28:58.333-04:00  INFO 19568 --- [promociones-service] [main] liquibase.ui                             : Running Changeset: db/changelog/changes/001-create-promociones-table.yaml::2::titanium
2026-06-17T22:28:58.344-04:00  INFO 19568 --- [promociones-service] [main] liquibase.changelog                      : New row inserted into promociones
2026-06-17T22:28:58.350-04:00  INFO 19568 --- [promociones-service] [main] liquibase.changelog                      : New row inserted into promociones
2026-06-17T22:28:58.355-04:00  INFO 19568 --- [promociones-service] [main] liquibase.changelog                      : ChangeSet db/changelog/changes/001-create-promociones-table.yaml::2::titanium ran successfully in 20ms
2026-06-17T22:28:58.381-04:00  INFO 19568 --- [promociones-service] [main] liquibase.util                           : UPDATE SUMMARY
2026-06-17T22:28:58.386-04:00  INFO 19568 --- [promociones-service] [main] liquibase.util                           : Run:                          2
2026-06-17T22:28:58.392-04:00  INFO 19568 --- [promociones-service] [main] liquibase.util                           : Previously run:               0
2026-06-17T22:28:58.401-04:00  INFO 19568 --- [promociones-service] [main] liquibase.util                           : Filtered out:                 0
2026-06-17T22:28:58.406-04:00  INFO 19568 --- [promociones-service] [main] liquibase.util                           : -------------------------------
2026-06-17T22:28:58.416-04:00  INFO 19568 --- [promociones-service] [main] liquibase.util                           : Total change sets:            2
2026-06-17T22:28:58.430-04:00  INFO 19568 --- [promociones-service] [main] liquibase.util                           : Update summary generated
2026-06-17T22:28:58.439-04:00  INFO 19568 --- [promociones-service] [main] liquibase.command                        : Update command completed successfully.
2026-06-17T22:28:58.443-04:00  INFO 19568 --- [promociones-service] [main] liquibase.ui                             : Liquibase: Update has been successful. Rows affected: 2
2026-06-17T22:28:58.453-04:00  INFO 19568 --- [promociones-service] [main] liquibase.lockservice                    : Successfully released change log lock
2026-06-17T22:28:58.457-04:00  INFO 19568 --- [promociones-service] [main] liquibase.command                        : Command execution complete
2026-06-17T22:28:58.728-04:00  INFO 19568 --- [promociones-service] [main] org.hibernate.orm.jpa                    : HHH008540: Processing PersistenceUnitInfo [name: default]
2026-06-17T22:28:58.920-04:00  INFO 19568 --- [promociones-service] [main] org.hibernate.orm.core                   : HHH000001: Hibernate ORM core version 7.2.12.Final
2026-06-17T22:29:00.650-04:00  INFO 19568 --- [promociones-service] [main] o.s.o.j.p.SpringPersistenceUnitInfo      : No LoadTimeWeaver setup: ignoring JPA class transformer
2026-06-17T22:29:00.880-04:00  WARN 19568 --- [promociones-service] [main] org.hibernate.orm.core                   : HHH000511: The 5.5.5 version for [org.hibernate.dialect.MySQLDialect] is no longer supported, hence certain features may not work properly.The minimum supported version is 8.0.0. Check the community dialects project for available legacy versions.
2026-06-17T22:29:00.924-04:00  INFO 19568 --- [promociones-service] [main] org.hibernate.orm.connections.pooling    : HHH10001005: Database info:
	Database JDBC URL [jdbc:mysql://localhost:3306/promociones_db?createDatabaseIfNotExist=true]
	Database driver: MySQL Connector/J
	Database dialect: MySQLDialect
	Database version: 5.5.5
	Default catalog/schema: promociones_db/undefined
	Autocommit mode: undefined/unknown
	Isolation level: REPEATABLE_READ [default REPEATABLE_READ]
	JDBC fetch size: none
	Pool: DataSourceConnectionProvider
	Minimum pool size: undefined/unknown
	Maximum pool size: undefined/unknown
2026-06-17T22:29:02.918-04:00  INFO 19568 --- [promociones-service] [main] org.hibernate.orm.core                   : HHH000489: No JTA platform available (set 'hibernate.transaction.jta.platform' to enable JTA platform integration)
2026-06-17T22:29:02.941-04:00  INFO 19568 --- [promociones-service] [main] j.LocalContainerEntityManagerFactoryBean : Initialized JPA EntityManagerFactory for persistence unit 'default'
2026-06-17T22:29:03.139-04:00  INFO 19568 --- [promociones-service] [main] o.s.d.j.r.query.QueryEnhancerFactories   : Hibernate is in classpath; If applicable, HQL parser will be used.
2026-06-17T22:29:03.792-04:00  WARN 19568 --- [promociones-service] [main] JpaBaseConfiguration$JpaWebConfiguration : spring.jpa.open-in-view is enabled by default. Therefore, database queries may be performed during view rendering. Explicitly configure spring.jpa.open-in-view to disable this warning
2026-06-17T22:29:04.631-04:00  INFO 19568 --- [promociones-service] [main] o.s.boot.tomcat.TomcatWebServer          : Tomcat started on port 9098 (http) with context path '/'
2026-06-17T22:29:04.643-04:00  INFO 19568 --- [promociones-service] [main] c.t.p.PromocionesServiceApplication      : Started PromocionesServiceApplication in 17.39 seconds (process running for 18.879)
2026-06-17T22:37:57.916-04:00  INFO 3992 --- [promociones-service] [main] c.t.p.PromocionesServiceApplication      : Starting PromocionesServiceApplication using Java 21.0.11 with PID 3992 (C:\Users\crist\Desktop\Proyecto\titaniumarmor\promociones-service\target\classes started by crist in C:\Users\crist\Desktop\Proyecto\titaniumarmor\promociones-service)
2026-06-17T22:37:57.923-04:00  INFO 3992 --- [promociones-service] [main] c.t.p.PromocionesServiceApplication      : No active profile set, falling back to 1 default profile: "default"
2026-06-17T22:38:00.547-04:00  INFO 3992 --- [promociones-service] [main] .s.d.r.c.RepositoryConfigurationDelegate : Bootstrapping Spring Data JPA repositories in DEFAULT mode.
2026-06-17T22:38:01.033-04:00  INFO 3992 --- [promociones-service] [main] .s.d.r.c.RepositoryConfigurationDelegate : Finished Spring Data repository scanning in 453 ms. Found 1 JPA repository interface.
2026-06-17T22:38:02.766-04:00  INFO 3992 --- [promociones-service] [main] o.s.boot.tomcat.TomcatWebServer          : Tomcat initialized with port 9098 (http)
2026-06-17T22:38:02.828-04:00  INFO 3992 --- [promociones-service] [main] o.apache.catalina.core.StandardService   : Starting service [Tomcat]
2026-06-17T22:38:02.834-04:00  INFO 3992 --- [promociones-service] [main] o.apache.catalina.core.StandardEngine    : Starting Servlet engine: [Apache Tomcat/11.0.21]
2026-06-17T22:38:03.095-04:00  INFO 3992 --- [promociones-service] [main] b.w.c.s.WebApplicationContextInitializer : Root WebApplicationContext: initialization completed in 5063 ms
2026-06-17T22:38:03.553-04:00  INFO 3992 --- [promociones-service] [main] com.zaxxer.hikari.HikariDataSource       : HikariPool-1 - Starting...
2026-06-17T22:38:04.179-04:00  INFO 3992 --- [promociones-service] [main] com.zaxxer.hikari.pool.HikariPool        : HikariPool-1 - Added connection com.mysql.cj.jdbc.ConnectionImpl@6bcdd6e4
2026-06-17T22:38:04.185-04:00  INFO 3992 --- [promociones-service] [main] com.zaxxer.hikari.HikariDataSource       : HikariPool-1 - Start completed.
2026-06-17T22:38:06.504-04:00  INFO 3992 --- [promociones-service] [main] liquibase.changelog                      : Creating database changelog table with name: promociones_db.databasechangelog
2026-06-17T22:38:06.793-04:00  INFO 3992 --- [promociones-service] [main] liquibase.changelog                      : Reading from promociones_db.databasechangelog
2026-06-17T22:38:06.815-04:00  INFO 3992 --- [promociones-service] [main] liquibase.snapshot                       : Creating snapshot
2026-06-17T22:38:06.862-04:00  INFO 3992 --- [promociones-service] [main] liquibase.ui                             : Name 'PK_DATABASECHANGELOGLOCK' ignored for PRIMARY key.
2026-06-17T22:38:06.931-04:00  INFO 3992 --- [promociones-service] [main] liquibase.lockservice                    : Successfully acquired change log lock
2026-06-17T22:38:06.931-04:00  INFO 3992 --- [promociones-service] [main] liquibase.command                        : Using deploymentId: 1750283505
2026-06-17T22:38:06.941-04:00  INFO 3992 --- [promociones-service] [main] liquibase.changelog                      : Reading from promociones_db.databasechangelog
2026-06-17T22:38:06.972-04:00  INFO 3992 --- [promociones-service] [main] liquibase.ui                             : Running Changeset: db/changelog/changes/001-create-promociones-table.yaml::1::titanium
2026-06-17T22:38:06.989-04:00  INFO 3992 --- [promociones-service] [main] liquibase.ui                             : Name 'PK_PROMOCIONES' ignored for PRIMARY key.
2026-06-17T22:38:06.989-04:00  INFO 3992 --- [promociones-service] [main] liquibase.changelog                      : Table promociones created
2026-06-17T22:38:06.992-04:00  INFO 3992 --- [promociones-service] [main] liquibase.changelog                      : ChangeSet db/changelog/changes/001-create-promociones-table.yaml::1::titanium ran successfully in 17ms
2026-06-17T22:38:07.005-04:00  INFO 3992 --- [promociones-service] [main] liquibase.ui                             : Running Changeset: db/changelog/changes/001-create-promociones-table.yaml::2::titanium
2026-06-17T22:38:07.010-04:00  INFO 3992 --- [promociones-service] [main] liquibase.changelog                      : New row inserted into promociones
2026-06-17T22:38:07.017-04:00  INFO 3992 --- [promociones-service] [main] liquibase.changelog                      : New row inserted into promociones
2026-06-17T22:38:07.017-04:00  INFO 3992 --- [promociones-service] [main] liquibase.changelog                      : ChangeSet db/changelog/changes/001-create-promociones-table.yaml::2::titanium ran successfully in 12ms
2026-06-17T22:38:07.025-04:00  INFO 3992 --- [promociones-service] [main] liquibase.util                           : UPDATE SUMMARY
2026-06-17T22:38:07.025-04:00  INFO 3992 --- [promociones-service] [main] liquibase.util                           : Run:                          2
2026-06-17T22:38:07.025-04:00  INFO 3992 --- [promociones-service] [main] liquibase.util                           : Previously run:               0
2026-06-17T22:38:07.025-04:00  INFO 3992 --- [promociones-service] [main] liquibase.util                           : Filtered out:                 0
2026-06-17T22:38:07.025-04:00  INFO 3992 --- [promociones-service] [main] liquibase.util                           : -------------------------------
2026-06-17T22:38:07.025-04:00  INFO 3992 --- [promociones-service] [main] liquibase.util                           : Total change sets:            2
2026-06-17T22:38:07.032-04:00  INFO 3992 --- [promociones-service] [main] liquibase.util                           : Update summary generated
2026-06-17T22:38:07.032-04:00  INFO 3992 --- [promociones-service] [main] liquibase.command                        : Update command completed successfully.
2026-06-17T22:38:07.032-04:00  INFO 3992 --- [promociones-service] [main] liquibase.ui                             : Liquibase: Update has been successful. Rows affected: 2
2026-06-17T22:38:07.040-04:00  INFO 3992 --- [promociones-service] [main] liquibase.lockservice                    : Successfully released change log lock
2026-06-17T22:38:07.043-04:00  INFO 3992 --- [promociones-service] [main] liquibase.command                        : Command execution complete
2026-06-17T22:38:07.143-04:00  INFO 3992 --- [promociones-service] [main] org.hibernate.orm.jpa                    : HHH008540: Processing PersistenceUnitInfo [name: default]
2026-06-17T22:38:07.201-04:00  INFO 3992 --- [promociones-service] [main] org.hibernate.orm.core                   : HHH000001: Hibernate ORM core version 7.2.12.Final
2026-06-17T22:38:08.060-04:00  INFO 3992 --- [promociones-service] [main] o.s.o.j.p.SpringPersistenceUnitInfo      : No LoadTimeWeaver setup: ignoring JPA class transformer
2026-06-17T22:38:08.162-04:00  WARN 3992 --- [promociones-service] [main] org.hibernate.orm.core                   : HHH000511: The 5.5.5 version for [org.hibernate.dialect.MySQLDialect] is no longer supported, hence certain features may not work properly.The minimum supported version is 8.0.0. Check the community dialects project for available legacy versions.
2026-06-17T22:38:08.201-04:00  INFO 3992 --- [promociones-service] [main] org.hibernate.orm.connections.pooling    : HHH10001005: Database info:
	Database JDBC URL [jdbc:mysql://localhost:3306/promociones_db?createDatabaseIfNotExist=true]
	Database driver: MySQL Connector/J
	Database dialect: MySQLDialect
	Database version: 5.5.5
	Default catalog/schema: promociones_db/undefined
	Autocommit mode: undefined/unknown
	Isolation level: REPEATABLE_READ [default REPEATABLE_READ]
	JDBC fetch size: none
	Pool: DataSourceConnectionProvider
	Minimum pool size: undefined/unknown
	Maximum pool size: undefined/unknown
2026-06-17T22:38:09.560-04:00  INFO 3992 --- [promociones-service] [main] org.hibernate.orm.core                   : HHH000489: No JTA platform available (set 'hibernate.transaction.jta.platform' to enable JTA platform integration)
2026-06-17T22:38:09.571-04:00  INFO 3992 --- [promociones-service] [main] j.LocalContainerEntityManagerFactoryBean : Initialized JPA EntityManagerFactory for persistence unit 'default'
2026-06-17T22:38:09.667-04:00  INFO 3992 --- [promociones-service] [main] o.s.d.j.r.query.QueryEnhancerFactories   : Hibernate is in classpath; If applicable, HQL parser will be used.
2026-06-17T22:38:09.957-04:00  WARN 3992 --- [promociones-service] [main] JpaBaseConfiguration$JpaWebConfiguration : spring.jpa.open-in-view is enabled by default. Therefore, database queries may be performed during view rendering. Explicitly configure spring.jpa.open-in-view to disable this warning
2026-06-17T22:38:10.470-04:00  INFO 3992 --- [promociones-service] [main] o.s.boot.tomcat.TomcatWebServer          : Tomcat started on port 9098 (http) with context path '/'
2026-06-17T22:38:10.476-04:00  INFO 3992 --- [promociones-service] [main] c.t.p.PromocionesServiceApplication      : Started PromocionesServiceApplication in 14.202 seconds (process running for 15.592)
2026-06-17T22:45:02.103-04:00  INFO 12480 --- [promociones-service] [main] c.t.p.PromocionesServiceApplication      : Starting PromocionesServiceApplication using Java 21.0.11 with PID 12480 (C:\Users\crist\Desktop\Proyecto\titaniumarmor\promociones-service\target\classes started by crist in C:\Users\crist\Desktop\Proyecto\titaniumarmor\promociones-service)
2026-06-17T22:45:02.109-04:00  INFO 12480 --- [promociones-service] [main] c.t.p.PromocionesServiceApplication      : No active profile set, falling back to 1 default profile: "default"
2026-06-17T22:45:04.377-04:00  INFO 12480 --- [promociones-service] [main] .s.d.r.c.RepositoryConfigurationDelegate : Bootstrapping Spring Data JPA repositories in DEFAULT mode.
2026-06-17T22:45:04.828-04:00  INFO 12480 --- [promociones-service] [main] .s.d.r.c.RepositoryConfigurationDelegate : Finished Spring Data repository scanning in 429 ms. Found 1 JPA repository interface.
2026-06-17T22:45:05.940-04:00  INFO 12480 --- [promociones-service] [main] o.s.boot.tomcat.TomcatWebServer          : Tomcat initialized with port 9098 (http)
2026-06-17T22:45:05.990-04:00  INFO 12480 --- [promociones-service] [main] o.apache.catalina.core.StandardService   : Starting service [Tomcat]
2026-06-17T22:45:05.999-04:00  INFO 12480 --- [promociones-service] [main] o.apache.catalina.core.StandardEngine    : Starting Servlet engine: [Apache Tomcat/11.0.21]
2026-06-17T22:45:06.158-04:00  INFO 12480 --- [promociones-service] [main] b.w.c.s.WebApplicationContextInitializer : Root WebApplicationContext: initialization completed in 3940 ms
2026-06-17T22:45:06.412-04:00  INFO 12480 --- [promociones-service] [main] com.zaxxer.hikari.HikariDataSource       : HikariPool-1 - Starting...
2026-06-17T22:45:06.805-04:00  INFO 12480 --- [promociones-service] [main] com.zaxxer.hikari.pool.HikariPool        : HikariPool-1 - Added connection com.mysql.cj.jdbc.ConnectionImpl@35c8be21
2026-06-17T22:45:06.814-04:00  INFO 12480 --- [promociones-service] [main] com.zaxxer.hikari.HikariDataSource       : HikariPool-1 - Start completed.
2026-06-17T22:45:08.995-04:00  INFO 12480 --- [promociones-service] [main] liquibase.changelog                      : Creating database changelog table with name: promociones_db.databasechangelog
2026-06-17T22:45:09.167-04:00  INFO 12480 --- [promociones-service] [main] liquibase.changelog                      : Reading from promociones_db.databasechangelog
2026-06-17T22:45:09.183-04:00  INFO 12480 --- [promociones-service] [main] liquibase.snapshot                       : Creating snapshot
2026-06-17T22:45:09.222-04:00  INFO 12480 --- [promociones-service] [main] liquibase.ui                             : Name 'PK_DATABASECHANGELOGLOCK' ignored for PRIMARY key.
2026-06-17T22:45:09.308-04:00  INFO 12480 --- [promociones-service] [main] liquibase.lockservice                    : Successfully acquired change log lock
2026-06-17T22:45:09.313-04:00  INFO 12480 --- [promociones-service] [main] liquibase.command                        : Using deploymentId: 1750706386
2026-06-17T22:45:09.317-04:00  INFO 12480 --- [promociones-service] [main] liquibase.changelog                      : Reading from promociones_db.databasechangelog
2026-06-17T22:45:09.353-04:00  INFO 12480 --- [promociones-service] [main] liquibase.ui                             : Running Changeset: db/changelog/changes/001-create-promociones-table.yaml::1::titanium
2026-06-17T22:45:09.369-04:00  INFO 12480 --- [promociones-service] [main] liquibase.ui                             : Name 'PK_PROMOCIONES' ignored for PRIMARY key.
2026-06-17T22:45:09.374-04:00  INFO 12480 --- [promociones-service] [main] liquibase.changelog                      : Table promociones created
2026-06-17T22:45:09.379-04:00  INFO 12480 --- [promociones-service] [main] liquibase.changelog                      : ChangeSet db/changelog/changes/001-create-promociones-table.yaml::1::titanium ran successfully in 22ms
2026-06-17T22:45:09.392-04:00  INFO 12480 --- [promociones-service] [main] liquibase.ui                             : Running Changeset: db/changelog/changes/001-create-promociones-table.yaml::2::titanium
2026-06-17T22:45:09.398-04:00  INFO 12480 --- [promociones-service] [main] liquibase.changelog                      : New row inserted into promociones
2026-06-17T22:45:09.402-04:00  INFO 12480 --- [promociones-service] [main] liquibase.changelog                      : New row inserted into promociones
2026-06-17T22:45:09.404-04:00  INFO 12480 --- [promociones-service] [main] liquibase.changelog                      : ChangeSet db/changelog/changes/001-create-promociones-table.yaml::2::titanium ran successfully in 10ms
2026-06-17T22:45:09.417-04:00  INFO 12480 --- [promociones-service] [main] liquibase.util                           : UPDATE SUMMARY
2026-06-17T22:45:09.419-04:00  INFO 12480 --- [promociones-service] [main] liquibase.util                           : Run:                          2
2026-06-17T22:45:09.419-04:00  INFO 12480 --- [promociones-service] [main] liquibase.util                           : Previously run:               0
2026-06-17T22:45:09.419-04:00  INFO 12480 --- [promociones-service] [main] liquibase.util                           : Filtered out:                 0
2026-06-17T22:45:09.419-04:00  INFO 12480 --- [promociones-service] [main] liquibase.util                           : -------------------------------
2026-06-17T22:45:09.421-04:00  INFO 12480 --- [promociones-service] [main] liquibase.util                           : Total change sets:            2
2026-06-17T22:45:09.426-04:00  INFO 12480 --- [promociones-service] [main] liquibase.util                           : Update summary generated
2026-06-17T22:45:09.430-04:00  INFO 12480 --- [promociones-service] [main] liquibase.command                        : Update command completed successfully.
2026-06-17T22:45:09.432-04:00  INFO 12480 --- [promociones-service] [main] liquibase.ui                             : Liquibase: Update has been successful. Rows affected: 2
2026-06-17T22:45:09.437-04:00  INFO 12480 --- [promociones-service] [main] liquibase.lockservice                    : Successfully released change log lock
2026-06-17T22:45:09.440-04:00  INFO 12480 --- [promociones-service] [main] liquibase.command                        : Command execution complete
2026-06-17T22:45:09.580-04:00  INFO 12480 --- [promociones-service] [main] org.hibernate.orm.jpa                    : HHH008540: Processing PersistenceUnitInfo [name: default]
2026-06-17T22:45:09.656-04:00  INFO 12480 --- [promociones-service] [main] org.hibernate.orm.core                   : HHH000001: Hibernate ORM core version 7.2.12.Final
2026-06-17T22:45:10.326-04:00  INFO 12480 --- [promociones-service] [main] o.s.o.j.p.SpringPersistenceUnitInfo      : No LoadTimeWeaver setup: ignoring JPA class transformer
2026-06-17T22:45:10.407-04:00  WARN 12480 --- [promociones-service] [main] org.hibernate.orm.core                   : HHH000511: The 5.5.5 version for [org.hibernate.dialect.MySQLDialect] is no longer supported, hence certain features may not work properly.The minimum supported version is 8.0.0. Check the community dialects project for available legacy versions.
2026-06-17T22:45:10.422-04:00  INFO 12480 --- [promociones-service] [main] org.hibernate.orm.connections.pooling    : HHH10001005: Database info:
	Database JDBC URL [jdbc:mysql://localhost:3306/promociones_db?createDatabaseIfNotExist=true]
	Database driver: MySQL Connector/J
	Database dialect: MySQLDialect
	Database version: 5.5.5
	Default catalog/schema: promociones_db/undefined
	Autocommit mode: undefined/unknown
	Isolation level: REPEATABLE_READ [default REPEATABLE_READ]
	JDBC fetch size: none
	Pool: DataSourceConnectionProvider
	Minimum pool size: undefined/unknown
	Maximum pool size: undefined/unknown
2026-06-17T22:45:11.216-04:00  INFO 12480 --- [promociones-service] [main] org.hibernate.orm.core                   : HHH000489: No JTA platform available (set 'hibernate.transaction.jta.platform' to enable JTA platform integration)
2026-06-17T22:45:11.226-04:00  INFO 12480 --- [promociones-service] [main] j.LocalContainerEntityManagerFactoryBean : Initialized JPA EntityManagerFactory for persistence unit 'default'
2026-06-17T22:45:11.315-04:00  INFO 12480 --- [promociones-service] [main] o.s.d.j.r.query.QueryEnhancerFactories   : Hibernate is in classpath; If applicable, HQL parser will be used.
2026-06-17T22:45:11.598-04:00  WARN 12480 --- [promociones-service] [main] JpaBaseConfiguration$JpaWebConfiguration : spring.jpa.open-in-view is enabled by default. Therefore, database queries may be performed during view rendering. Explicitly configure spring.jpa.open-in-view to disable this warning
2026-06-17T22:45:11.991-04:00  INFO 12480 --- [promociones-service] [main] o.s.boot.tomcat.TomcatWebServer          : Tomcat started on port 9098 (http) with context path '/'
2026-06-17T22:45:12.012-04:00  INFO 12480 --- [promociones-service] [main] c.t.p.PromocionesServiceApplication      : Started PromocionesServiceApplication in 11.08 seconds (process running for 12.019)
2026-06-17T22:48:27.456-04:00  INFO 17240 --- [promociones-service] [main] c.t.p.PromocionesServiceApplication      : Starting PromocionesServiceApplication using Java 21.0.11 with PID 17240 (C:\Users\crist\Desktop\Proyecto\titaniumarmor\promociones-service\target\classes started by crist in C:\Users\crist\Desktop\Proyecto\titaniumarmor\promociones-service)
2026-06-17T22:48:27.462-04:00  INFO 17240 --- [promociones-service] [main] c.t.p.PromocionesServiceApplication      : No active profile set, falling back to 1 default profile: "default"
2026-06-17T22:48:29.726-04:00  INFO 17240 --- [promociones-service] [main] .s.d.r.c.RepositoryConfigurationDelegate : Bootstrapping Spring Data JPA repositories in DEFAULT mode.
2026-06-17T22:48:30.287-04:00  INFO 17240 --- [promociones-service] [main] .s.d.r.c.RepositoryConfigurationDelegate : Finished Spring Data repository scanning in 531 ms. Found 1 JPA repository interface.
2026-06-17T22:48:31.743-04:00  INFO 17240 --- [promociones-service] [main] o.s.boot.tomcat.TomcatWebServer          : Tomcat initialized with port 9098 (http)
2026-06-17T22:48:31.791-04:00  INFO 17240 --- [promociones-service] [main] o.apache.catalina.core.StandardService   : Starting service [Tomcat]
2026-06-17T22:48:31.792-04:00  INFO 17240 --- [promociones-service] [main] o.apache.catalina.core.StandardEngine    : Starting Servlet engine: [Apache Tomcat/11.0.21]
2026-06-17T22:48:31.975-04:00  INFO 17240 --- [promociones-service] [main] b.w.c.s.WebApplicationContextInitializer : Root WebApplicationContext: initialization completed in 4404 ms
2026-06-17T22:48:32.354-04:00  INFO 17240 --- [promociones-service] [main] com.zaxxer.hikari.HikariDataSource       : HikariPool-1 - Starting...
2026-06-17T22:48:32.927-04:00  INFO 17240 --- [promociones-service] [main] com.zaxxer.hikari.pool.HikariPool        : HikariPool-1 - Added connection com.mysql.cj.jdbc.ConnectionImpl@6537ac
2026-06-17T22:48:32.933-04:00  INFO 17240 --- [promociones-service] [main] com.zaxxer.hikari.HikariDataSource       : HikariPool-1 - Start completed.
2026-06-17T22:48:36.458-04:00  INFO 17240 --- [promociones-service] [main] liquibase.changelog                      : Creating database changelog table with name: promociones_db.databasechangelog
2026-06-17T22:48:36.791-04:00  INFO 17240 --- [promociones-service] [main] liquibase.changelog                      : Reading from promociones_db.databasechangelog
2026-06-17T22:48:36.807-04:00  INFO 17240 --- [promociones-service] [main] liquibase.snapshot                       : Creating snapshot
2026-06-17T22:48:36.861-04:00  INFO 17240 --- [promociones-service] [main] liquibase.ui                             : Name 'PK_DATABASECHANGELOGLOCK' ignored for PRIMARY key.
2026-06-17T22:48:36.971-04:00  INFO 17240 --- [promociones-service] [main] liquibase.lockservice                    : Successfully acquired change log lock
2026-06-17T22:48:36.972-04:00  INFO 17240 --- [promociones-service] [main] liquibase.command                        : Using deploymentId: 1750912326
2026-06-17T22:48:36.976-04:00  INFO 17240 --- [promociones-service] [main] liquibase.changelog                      : Reading from promociones_db.databasechangelog
2026-06-17T22:48:37.019-04:00  INFO 17240 --- [promociones-service] [main] liquibase.ui                             : Running Changeset: db/changelog/changes/001-create-promociones-table.yaml::1::titanium
2026-06-17T22:48:37.041-04:00  INFO 17240 --- [promociones-service] [main] liquibase.ui                             : Name 'PK_PROMOCIONES' ignored for PRIMARY key.
2026-06-17T22:48:37.043-04:00  INFO 17240 --- [promociones-service] [main] liquibase.changelog                      : Table promociones created
2026-06-17T22:48:37.048-04:00  INFO 17240 --- [promociones-service] [main] liquibase.changelog                      : ChangeSet db/changelog/changes/001-create-promociones-table.yaml::1::titanium ran successfully in 22ms
2026-06-17T22:48:37.064-04:00  INFO 17240 --- [promociones-service] [main] liquibase.ui                             : Running Changeset: db/changelog/changes/001-create-promociones-table.yaml::2::titanium
2026-06-17T22:48:37.070-04:00  INFO 17240 --- [promociones-service] [main] liquibase.changelog                      : New row inserted into promociones
2026-06-17T22:48:37.077-04:00  INFO 17240 --- [promociones-service] [main] liquibase.changelog                      : New row inserted into promociones
2026-06-17T22:48:37.079-04:00  INFO 17240 --- [promociones-service] [main] liquibase.changelog                      : ChangeSet db/changelog/changes/001-create-promociones-table.yaml::2::titanium ran successfully in 15ms
2026-06-17T22:48:37.095-04:00  INFO 17240 --- [promociones-service] [main] liquibase.util                           : UPDATE SUMMARY
2026-06-17T22:48:37.097-04:00  INFO 17240 --- [promociones-service] [main] liquibase.util                           : Run:                          2
2026-06-17T22:48:37.097-04:00  INFO 17240 --- [promociones-service] [main] liquibase.util                           : Previously run:               0
2026-06-17T22:48:37.098-04:00  INFO 17240 --- [promociones-service] [main] liquibase.util                           : Filtered out:                 0
2026-06-17T22:48:37.098-04:00  INFO 17240 --- [promociones-service] [main] liquibase.util                           : -------------------------------
2026-06-17T22:48:37.098-04:00  INFO 17240 --- [promociones-service] [main] liquibase.util                           : Total change sets:            2
2026-06-17T22:48:37.098-04:00  INFO 17240 --- [promociones-service] [main] liquibase.util                           : Update summary generated
2026-06-17T22:48:37.106-04:00  INFO 17240 --- [promociones-service] [main] liquibase.command                        : Update command completed successfully.
2026-06-17T22:48:37.106-04:00  INFO 17240 --- [promociones-service] [main] liquibase.ui                             : Liquibase: Update has been successful. Rows affected: 2
2026-06-17T22:48:37.114-04:00  INFO 17240 --- [promociones-service] [main] liquibase.lockservice                    : Successfully released change log lock
2026-06-17T22:48:37.116-04:00  INFO 17240 --- [promociones-service] [main] liquibase.command                        : Command execution complete
2026-06-17T22:48:37.275-04:00  INFO 17240 --- [promociones-service] [main] org.hibernate.orm.jpa                    : HHH008540: Processing PersistenceUnitInfo [name: default]
2026-06-17T22:48:37.433-04:00  INFO 17240 --- [promociones-service] [main] org.hibernate.orm.core                   : HHH000001: Hibernate ORM core version 7.2.12.Final
2026-06-17T22:48:38.795-04:00  INFO 17240 --- [promociones-service] [main] o.s.o.j.p.SpringPersistenceUnitInfo      : No LoadTimeWeaver setup: ignoring JPA class transformer
2026-06-17T22:48:38.917-04:00  WARN 17240 --- [promociones-service] [main] org.hibernate.orm.core                   : HHH000511: The 5.5.5 version for [org.hibernate.dialect.MySQLDialect] is no longer supported, hence certain features may not work properly.The minimum supported version is 8.0.0. Check the community dialects project for available legacy versions.
2026-06-17T22:48:38.948-04:00  INFO 17240 --- [promociones-service] [main] org.hibernate.orm.connections.pooling    : HHH10001005: Database info:
	Database JDBC URL [jdbc:mysql://localhost:3306/promociones_db?createDatabaseIfNotExist=true]
	Database driver: MySQL Connector/J
	Database dialect: MySQLDialect
	Database version: 5.5.5
	Default catalog/schema: promociones_db/undefined
	Autocommit mode: undefined/unknown
	Isolation level: REPEATABLE_READ [default REPEATABLE_READ]
	JDBC fetch size: none
	Pool: DataSourceConnectionProvider
	Minimum pool size: undefined/unknown
	Maximum pool size: undefined/unknown
2026-06-17T22:48:40.852-04:00  INFO 17240 --- [promociones-service] [main] org.hibernate.orm.core                   : HHH000489: No JTA platform available (set 'hibernate.transaction.jta.platform' to enable JTA platform integration)
2026-06-17T22:48:40.875-04:00  INFO 17240 --- [promociones-service] [main] j.LocalContainerEntityManagerFactoryBean : Initialized JPA EntityManagerFactory for persistence unit 'default'
2026-06-17T22:48:41.042-04:00  INFO 17240 --- [promociones-service] [main] o.s.d.j.r.query.QueryEnhancerFactories   : Hibernate is in classpath; If applicable, HQL parser will be used.
2026-06-17T22:48:41.519-04:00  WARN 17240 --- [promociones-service] [main] JpaBaseConfiguration$JpaWebConfiguration : spring.jpa.open-in-view is enabled by default. Therefore, database queries may be performed during view rendering. Explicitly configure spring.jpa.open-in-view to disable this warning
2026-06-17T22:48:42.134-04:00  INFO 17240 --- [promociones-service] [main] o.s.boot.tomcat.TomcatWebServer          : Tomcat started on port 9098 (http) with context path '/'
2026-06-17T22:48:42.145-04:00  INFO 17240 --- [promociones-service] [main] c.t.p.PromocionesServiceApplication      : Started PromocionesServiceApplication in 15.721 seconds (process running for 16.685)
