2026-06-18T16:21:59.551-04:00  INFO 13356 --- [ventas-service] [restartedMain] c.t.v.VentasServiceApplication           : Starting VentasServiceApplication using Java 21.0.11 with PID 13356 (C:\Users\crist\Desktop\Proyecto\titaniumarmor\ventas-service\target\classes started by crist in C:\Users\crist\Desktop\Proyecto\titaniumarmor\ventas-service)
2026-06-18T16:21:59.569-04:00  INFO 13356 --- [ventas-service] [restartedMain] c.t.v.VentasServiceApplication           : The following 1 profile is active: "dev"
2026-06-18T16:21:59.813-04:00  INFO 13356 --- [ventas-service] [restartedMain] .e.DevToolsPropertyDefaultsPostProcessor : Devtools property defaults active! Set 'spring.devtools.add-properties' to 'false' to disable
2026-06-18T16:21:59.867-04:00  INFO 13356 --- [ventas-service] [restartedMain] .e.DevToolsPropertyDefaultsPostProcessor : For additional web related logging consider setting the 'logging.level.web' property to 'DEBUG'
2026-06-18T16:22:03.702-04:00  INFO 13356 --- [ventas-service] [restartedMain] .s.d.r.c.RepositoryConfigurationDelegate : Bootstrapping Spring Data JPA repositories in DEFAULT mode.
2026-06-18T16:22:04.390-04:00  INFO 13356 --- [ventas-service] [restartedMain] .s.d.r.c.RepositoryConfigurationDelegate : Finished Spring Data repository scanning in 657 ms. Found 2 JPA repository interfaces.
2026-06-18T16:22:06.943-04:00  INFO 13356 --- [ventas-service] [restartedMain] o.s.boot.tomcat.TomcatWebServer          : Tomcat initialized with port 9094 (http)
2026-06-18T16:22:07.034-04:00  INFO 13356 --- [ventas-service] [restartedMain] o.apache.catalina.core.StandardService   : Starting service [Tomcat]
2026-06-18T16:22:07.039-04:00  INFO 13356 --- [ventas-service] [restartedMain] o.apache.catalina.core.StandardEngine    : Starting Servlet engine: [Apache Tomcat/11.0.21]
2026-06-18T16:22:07.194-04:00  INFO 13356 --- [ventas-service] [restartedMain] b.w.c.s.WebApplicationContextInitializer : Root WebApplicationContext: initialization completed in 7316 ms
2026-06-18T16:22:07.549-04:00  INFO 13356 --- [ventas-service] [restartedMain] com.zaxxer.hikari.HikariDataSource       : HikariPool-1 - Starting...
2026-06-18T16:22:08.310-04:00  INFO 13356 --- [ventas-service] [restartedMain] com.zaxxer.hikari.pool.HikariPool        : HikariPool-1 - Added connection com.mysql.cj.jdbc.ConnectionImpl@cdc19ba
2026-06-18T16:22:08.326-04:00  INFO 13356 --- [ventas-service] [restartedMain] com.zaxxer.hikari.HikariDataSource       : HikariPool-1 - Start completed.
2026-06-18T16:22:12.923-04:00  INFO 13356 --- [ventas-service] [restartedMain] liquibase.changelog                      : Creating database changelog table with name: ventas_db.databasechangelog
2026-06-18T16:26:23.110-04:00  INFO 2892 --- [ventas-service] [restartedMain] c.t.v.VentasServiceApplication           : Starting VentasServiceApplication using Java 21.0.11 with PID 2892 (C:\Users\crist\Desktop\Proyecto\titaniumarmor\ventas-service\target\classes started by crist in C:\Users\crist\Desktop\Proyecto\titaniumarmor\ventas-service)
2026-06-18T16:26:23.118-04:00  INFO 2892 --- [ventas-service] [restartedMain] c.t.v.VentasServiceApplication           : The following 1 profile is active: "dev"
2026-06-18T16:26:23.190-04:00  INFO 2892 --- [ventas-service] [restartedMain] .e.DevToolsPropertyDefaultsPostProcessor : Devtools property defaults active! Set 'spring.devtools.add-properties' to 'false' to disable
2026-06-18T16:26:23.190-04:00  INFO 2892 --- [ventas-service] [restartedMain] .e.DevToolsPropertyDefaultsPostProcessor : For additional web related logging consider setting the 'logging.level.web' property to 'DEBUG'
2026-06-18T16:26:24.527-04:00  INFO 2892 --- [ventas-service] [restartedMain] .s.d.r.c.RepositoryConfigurationDelegate : Bootstrapping Spring Data JPA repositories in DEFAULT mode.
2026-06-18T16:26:24.834-04:00  INFO 2892 --- [ventas-service] [restartedMain] .s.d.r.c.RepositoryConfigurationDelegate : Finished Spring Data repository scanning in 291 ms. Found 2 JPA repository interfaces.
2026-06-18T16:26:25.927-04:00  INFO 2892 --- [ventas-service] [restartedMain] o.s.boot.tomcat.TomcatWebServer          : Tomcat initialized with port 9094 (http)
2026-06-18T16:26:25.940-04:00  INFO 2892 --- [ventas-service] [restartedMain] o.apache.catalina.core.StandardService   : Starting service [Tomcat]
2026-06-18T16:26:25.940-04:00  INFO 2892 --- [ventas-service] [restartedMain] o.apache.catalina.core.StandardEngine    : Starting Servlet engine: [Apache Tomcat/11.0.21]
2026-06-18T16:26:26.037-04:00  INFO 2892 --- [ventas-service] [restartedMain] b.w.c.s.WebApplicationContextInitializer : Root WebApplicationContext: initialization completed in 2843 ms
2026-06-18T16:26:26.294-04:00  INFO 2892 --- [ventas-service] [restartedMain] com.zaxxer.hikari.HikariDataSource       : HikariPool-1 - Starting...
2026-06-18T16:26:26.667-04:00  INFO 2892 --- [ventas-service] [restartedMain] com.zaxxer.hikari.pool.HikariPool        : HikariPool-1 - Added connection com.mysql.cj.jdbc.ConnectionImpl@2b379d38
2026-06-18T16:26:26.673-04:00  INFO 2892 --- [ventas-service] [restartedMain] com.zaxxer.hikari.HikariDataSource       : HikariPool-1 - Start completed.
2026-06-18T16:26:29.258-04:00  INFO 2892 --- [ventas-service] [restartedMain] liquibase.command                        : Logging exception.
2026-06-18T16:26:29.264-04:00  INFO 2892 --- [ventas-service] [restartedMain] liquibase.ui                             : ERROR: Exception Details
2026-06-18T16:26:29.264-04:00  INFO 2892 --- [ventas-service] [restartedMain] liquibase.ui                             : ERROR: Exception Primary Class:  SQLSyntaxErrorException
2026-06-18T16:26:29.267-04:00  INFO 2892 --- [ventas-service] [restartedMain] liquibase.ui                             : ERROR: Exception Primary Reason:  Table 'ventas_db.databasechangelog' doesn't exist in engine
2026-06-18T16:26:29.267-04:00  INFO 2892 --- [ventas-service] [restartedMain] liquibase.ui                             : ERROR: Exception Primary Source:  MySQL 5.5.5-10.4.32-MariaDB
2026-06-18T16:26:29.267-04:00  INFO 2892 --- [ventas-service] [restartedMain] liquibase.command                        : Command execution complete
2026-06-18T16:26:29.271-04:00  WARN 2892 --- [ventas-service] [restartedMain] ConfigServletWebServerApplicationContext : Exception encountered during context initialization - cancelling refresh attempt: org.springframework.beans.factory.BeanCreationException: Error creating bean with name 'entityManagerFactory' defined in class path resource [org/springframework/boot/hibernate/autoconfigure/HibernateJpaConfiguration.class]: Failed to initialize dependency 'liquibase' of LoadTimeWeaverAware bean 'entityManagerFactory': Error creating bean with name 'liquibase' defined in class path resource [org/springframework/boot/liquibase/autoconfigure/LiquibaseAutoConfiguration$LiquibaseConfiguration.class]: liquibase.exception.CommandExecutionException: liquibase.exception.ChangeLogParseException: Error parsing classpath:/db/changelog/db.changelog-master.yaml : liquibase.exception.DatabaseException: java.sql.SQLSyntaxErrorException: Table 'ventas_db.databasechangelog' doesn't exist in engine
2026-06-18T16:26:29.276-04:00  INFO 2892 --- [ventas-service] [restartedMain] com.zaxxer.hikari.HikariDataSource       : HikariPool-1 - Shutdown initiated...
2026-06-18T16:26:29.287-04:00  INFO 2892 --- [ventas-service] [restartedMain] com.zaxxer.hikari.HikariDataSource       : HikariPool-1 - Shutdown completed.
2026-06-18T16:26:29.294-04:00  INFO 2892 --- [ventas-service] [restartedMain] o.apache.catalina.core.StandardService   : Stopping service [Tomcat]
2026-06-18T16:26:29.310-04:00  INFO 2892 --- [ventas-service] [restartedMain] .s.b.a.l.ConditionEvaluationReportLogger : 

Error starting ApplicationContext. To display the condition evaluation report re-run your application with 'debug' enabled.
2026-06-18T16:26:29.346-04:00 ERROR 2892 --- [ventas-service] [restartedMain] o.s.boot.SpringApplication               : Application run failed

org.springframework.beans.factory.BeanCreationException: Error creating bean with name 'entityManagerFactory' defined in class path resource [org/springframework/boot/hibernate/autoconfigure/HibernateJpaConfiguration.class]: Failed to initialize dependency 'liquibase' of LoadTimeWeaverAware bean 'entityManagerFactory': Error creating bean with name 'liquibase' defined in class path resource [org/springframework/boot/liquibase/autoconfigure/LiquibaseAutoConfiguration$LiquibaseConfiguration.class]: liquibase.exception.CommandExecutionException: liquibase.exception.ChangeLogParseException: Error parsing classpath:/db/changelog/db.changelog-master.yaml : liquibase.exception.DatabaseException: java.sql.SQLSyntaxErrorException: Table 'ventas_db.databasechangelog' doesn't exist in engine
	at org.springframework.beans.factory.support.AbstractBeanFactory.doGetBean(AbstractBeanFactory.java:322) ~[spring-beans-7.0.7.jar:7.0.7]
	at org.springframework.beans.factory.support.AbstractBeanFactory.getBean(AbstractBeanFactory.java:201) ~[spring-beans-7.0.7.jar:7.0.7]
	at org.springframework.context.support.AbstractApplicationContext.finishBeanFactoryInitialization(AbstractApplicationContext.java:977) ~[spring-context-7.0.7.jar:7.0.7]
	at org.springframework.context.support.AbstractApplicationContext.refresh(AbstractApplicationContext.java:621) ~[spring-context-7.0.7.jar:7.0.7]
	at org.springframework.boot.web.server.servlet.context.ServletWebServerApplicationContext.refresh(ServletWebServerApplicationContext.java:143) ~[spring-boot-web-server-4.0.6.jar:4.0.6]
	at org.springframework.boot.SpringApplication.refresh(SpringApplication.java:756) ~[spring-boot-4.0.6.jar:4.0.6]
	at org.springframework.boot.SpringApplication.refreshContext(SpringApplication.java:445) ~[spring-boot-4.0.6.jar:4.0.6]
	at org.springframework.boot.SpringApplication.run(SpringApplication.java:321) ~[spring-boot-4.0.6.jar:4.0.6]
	at org.springframework.boot.SpringApplication.run(SpringApplication.java:1365) ~[spring-boot-4.0.6.jar:4.0.6]
	at org.springframework.boot.SpringApplication.run(SpringApplication.java:1354) ~[spring-boot-4.0.6.jar:4.0.6]
	at com.titaniumarmor.ventas_service.VentasServiceApplication.main(VentasServiceApplication.java:10) ~[classes/:na]
	at java.base/jdk.internal.reflect.DirectMethodHandleAccessor.invoke(DirectMethodHandleAccessor.java:103) ~[na:na]
	at java.base/java.lang.reflect.Method.invoke(Method.java:580) ~[na:na]
	at org.springframework.boot.devtools.restart.RestartLauncher.run(RestartLauncher.java:52) ~[spring-boot-devtools-4.0.6.jar:4.0.6]
Caused by: org.springframework.beans.factory.BeanCreationException: Error creating bean with name 'liquibase' defined in class path resource [org/springframework/boot/liquibase/autoconfigure/LiquibaseAutoConfiguration$LiquibaseConfiguration.class]: liquibase.exception.CommandExecutionException: liquibase.exception.ChangeLogParseException: Error parsing classpath:/db/changelog/db.changelog-master.yaml : liquibase.exception.DatabaseException: java.sql.SQLSyntaxErrorException: Table 'ventas_db.databasechangelog' doesn't exist in engine
	at org.springframework.beans.factory.support.AbstractAutowireCapableBeanFactory.initializeBean(AbstractAutowireCapableBeanFactory.java:1817) ~[spring-beans-7.0.7.jar:7.0.7]
	at org.springframework.beans.factory.support.AbstractAutowireCapableBeanFactory.doCreateBean(AbstractAutowireCapableBeanFactory.java:603) ~[spring-beans-7.0.7.jar:7.0.7]
	at org.springframework.beans.factory.support.AbstractAutowireCapableBeanFactory.createBean(AbstractAutowireCapableBeanFactory.java:525) ~[spring-beans-7.0.7.jar:7.0.7]
	at org.springframework.beans.factory.support.AbstractBeanFactory.lambda$doGetBean$0(AbstractBeanFactory.java:333) ~[spring-beans-7.0.7.jar:7.0.7]
	at org.springframework.beans.factory.support.DefaultSingletonBeanRegistry.getSingleton(DefaultSingletonBeanRegistry.java:371) ~[spring-beans-7.0.7.jar:7.0.7]
	at org.springframework.beans.factory.support.AbstractBeanFactory.doGetBean(AbstractBeanFactory.java:331) ~[spring-beans-7.0.7.jar:7.0.7]
	at org.springframework.beans.factory.support.AbstractBeanFactory.getBean(AbstractBeanFactory.java:196) ~[spring-beans-7.0.7.jar:7.0.7]
	at org.springframework.beans.factory.support.AbstractBeanFactory.doGetBean(AbstractBeanFactory.java:309) ~[spring-beans-7.0.7.jar:7.0.7]
	... 13 common frames omitted
Caused by: liquibase.exception.LiquibaseException: liquibase.exception.CommandExecutionException: liquibase.exception.ChangeLogParseException: Error parsing classpath:/db/changelog/db.changelog-master.yaml : liquibase.exception.DatabaseException: java.sql.SQLSyntaxErrorException: Table 'ventas_db.databasechangelog' doesn't exist in engine
	at liquibase.integration.spring.SpringLiquibase.afterPropertiesSet(SpringLiquibase.java:289) ~[liquibase-core-5.0.2.jar:na]
	at org.springframework.beans.factory.support.AbstractAutowireCapableBeanFactory.invokeInitMethods(AbstractAutowireCapableBeanFactory.java:1864) ~[spring-beans-7.0.7.jar:7.0.7]
	at org.springframework.beans.factory.support.AbstractAutowireCapableBeanFactory.initializeBean(AbstractAutowireCapableBeanFactory.java:1813) ~[spring-beans-7.0.7.jar:7.0.7]
	... 20 common frames omitted
Caused by: liquibase.exception.CommandExecutionException: liquibase.exception.ChangeLogParseException: Error parsing classpath:/db/changelog/db.changelog-master.yaml : liquibase.exception.DatabaseException: java.sql.SQLSyntaxErrorException: Table 'ventas_db.databasechangelog' doesn't exist in engine
	at liquibase.command.CommandScope.lambda$execute$5(CommandScope.java:325) ~[liquibase-core-5.0.2.jar:na]
	at liquibase.Scope.child(Scope.java:250) ~[liquibase-core-5.0.2.jar:na]
	at liquibase.Scope.child(Scope.java:226) ~[liquibase-core-5.0.2.jar:na]
	at liquibase.command.CommandScope.execute(CommandScope.java:257) ~[liquibase-core-5.0.2.jar:na]
	at liquibase.Liquibase.lambda$update$0(Liquibase.java:216) ~[liquibase-core-5.0.2.jar:na]
	at liquibase.Scope.lambda$child$0(Scope.java:241) ~[liquibase-core-5.0.2.jar:na]
	at liquibase.Scope.child(Scope.java:250) ~[liquibase-core-5.0.2.jar:na]
	at liquibase.Scope.child(Scope.java:240) ~[liquibase-core-5.0.2.jar:na]
	at liquibase.Scope.child(Scope.java:219) ~[liquibase-core-5.0.2.jar:na]
	at liquibase.Liquibase.runInScope(Liquibase.java:1366) ~[liquibase-core-5.0.2.jar:na]
	at liquibase.Liquibase.update(Liquibase.java:205) ~[liquibase-core-5.0.2.jar:na]
	at liquibase.Liquibase.update(Liquibase.java:188) ~[liquibase-core-5.0.2.jar:na]
	at liquibase.integration.spring.SpringLiquibase.performUpdate(SpringLiquibase.java:327) ~[liquibase-core-5.0.2.jar:na]
	at liquibase.integration.spring.SpringLiquibase.lambda$afterPropertiesSet$0(SpringLiquibase.java:279) ~[liquibase-core-5.0.2.jar:na]
	at liquibase.Scope.lambda$child$0(Scope.java:241) ~[liquibase-core-5.0.2.jar:na]
	at liquibase.Scope.child(Scope.java:250) ~[liquibase-core-5.0.2.jar:na]
	at liquibase.Scope.child(Scope.java:240) ~[liquibase-core-5.0.2.jar:na]
	at liquibase.Scope.child(Scope.java:219) ~[liquibase-core-5.0.2.jar:na]
	at liquibase.integration.spring.SpringLiquibase.afterPropertiesSet(SpringLiquibase.java:272) ~[liquibase-core-5.0.2.jar:na]
	... 22 common frames omitted
Caused by: liquibase.exception.ChangeLogParseException: Error parsing classpath:/db/changelog/db.changelog-master.yaml : liquibase.exception.DatabaseException: java.sql.SQLSyntaxErrorException: Table 'ventas_db.databasechangelog' doesn't exist in engine
	at liquibase.parser.core.yaml.YamlChangeLogParser.parse(YamlChangeLogParser.java:95) ~[liquibase-core-5.0.2.jar:na]
	at liquibase.command.core.helpers.DatabaseChangelogCommandStep.lambda$getDatabaseChangeLog$0(DatabaseChangelogCommandStep.java:143) ~[liquibase-core-5.0.2.jar:na]
	at liquibase.Scope.lambda$child$0(Scope.java:241) ~[liquibase-core-5.0.2.jar:na]
	at liquibase.Scope.child(Scope.java:250) ~[liquibase-core-5.0.2.jar:na]
	at liquibase.Scope.child(Scope.java:240) ~[liquibase-core-5.0.2.jar:na]
	at liquibase.Scope.child(Scope.java:219) ~[liquibase-core-5.0.2.jar:na]
	at liquibase.Scope.child(Scope.java:307) ~[liquibase-core-5.0.2.jar:na]
	at liquibase.Scope.child(Scope.java:311) ~[liquibase-core-5.0.2.jar:na]
	at liquibase.command.core.helpers.DatabaseChangelogCommandStep.getDatabaseChangeLog(DatabaseChangelogCommandStep.java:138) ~[liquibase-core-5.0.2.jar:na]
	at liquibase.command.core.helpers.DatabaseChangelogCommandStep.run(DatabaseChangelogCommandStep.java:84) ~[liquibase-core-5.0.2.jar:na]
	at liquibase.command.CommandScope.lambda$execute$5(CommandScope.java:269) ~[liquibase-core-5.0.2.jar:na]
	... 40 common frames omitted
Caused by: liquibase.exception.UnexpectedLiquibaseException: liquibase.exception.DatabaseException: java.sql.SQLSyntaxErrorException: Table 'ventas_db.databasechangelog' doesn't exist in engine
	at liquibase.changelog.StandardChangeLogHistoryService.init(StandardChangeLogHistoryService.java:117) ~[liquibase-core-5.0.2.jar:na]
	at liquibase.changelog.DatabaseChangeLog.include(DatabaseChangeLog.java:1181) ~[liquibase-core-5.0.2.jar:na]
	at liquibase.changelog.DatabaseChangeLog.handleInclude(DatabaseChangeLog.java:683) ~[liquibase-core-5.0.2.jar:na]
	at liquibase.changelog.DatabaseChangeLog.handleChildNodeHelper(DatabaseChangeLog.java:486) ~[liquibase-core-5.0.2.jar:na]
	at liquibase.changelog.DatabaseChangeLog.handleChildNode(DatabaseChangeLog.java:470) ~[liquibase-core-5.0.2.jar:na]
	at liquibase.changelog.DatabaseChangeLog.load(DatabaseChangeLog.java:437) ~[liquibase-core-5.0.2.jar:na]
	at liquibase.parser.core.yaml.YamlChangeLogParser.parse(YamlChangeLogParser.java:89) ~[liquibase-core-5.0.2.jar:na]
	... 50 common frames omitted
Caused by: liquibase.exception.DatabaseException: java.sql.SQLSyntaxErrorException: Table 'ventas_db.databasechangelog' doesn't exist in engine
	at liquibase.snapshot.ResultSetCache.get(ResultSetCache.java:100) ~[liquibase-core-5.0.2.jar:na]
	at liquibase.snapshot.JdbcDatabaseSnapshot$CachingDatabaseMetaData.getColumns(JdbcDatabaseSnapshot.java:398) ~[liquibase-core-5.0.2.jar:na]
	at liquibase.snapshot.jvm.ColumnSnapshotGenerator.addTo(ColumnSnapshotGenerator.java:167) ~[liquibase-core-5.0.2.jar:na]
	at liquibase.snapshot.jvm.JdbcSnapshotGenerator.snapshot(JdbcSnapshotGenerator.java:76) ~[liquibase-core-5.0.2.jar:na]
	at liquibase.snapshot.SnapshotGeneratorChain.snapshot(SnapshotGeneratorChain.java:72) ~[liquibase-core-5.0.2.jar:na]
	at liquibase.snapshot.DatabaseSnapshot.include(DatabaseSnapshot.java:324) ~[liquibase-core-5.0.2.jar:na]
	at liquibase.snapshot.DatabaseSnapshot.init(DatabaseSnapshot.java:117) ~[liquibase-core-5.0.2.jar:na]
	at liquibase.snapshot.DatabaseSnapshot.<init>(DatabaseSnapshot.java:66) ~[liquibase-core-5.0.2.jar:na]
	at liquibase.snapshot.JdbcDatabaseSnapshot.<init>(JdbcDatabaseSnapshot.java:37) ~[liquibase-core-5.0.2.jar:na]
	at liquibase.snapshot.SnapshotGeneratorFactory.createSnapshot(SnapshotGeneratorFactory.java:343) ~[liquibase-core-5.0.2.jar:na]
	at liquibase.snapshot.SnapshotGeneratorFactory.createSnapshot(SnapshotGeneratorFactory.java:372) ~[liquibase-core-5.0.2.jar:na]
	at liquibase.snapshot.SnapshotGeneratorFactory.getDatabaseChangeLogTable(SnapshotGeneratorFactory.java:383) ~[liquibase-core-5.0.2.jar:na]
	at liquibase.changelog.StandardChangeLogHistoryService.init(StandardChangeLogHistoryService.java:114) ~[liquibase-core-5.0.2.jar:na]
	... 56 common frames omitted
Caused by: java.sql.SQLSyntaxErrorException: Table 'ventas_db.databasechangelog' doesn't exist in engine
	at com.mysql.cj.jdbc.exceptions.SQLError.createSQLException(SQLError.java:112) ~[mysql-connector-j-9.7.0.jar:9.7.0]
	at com.mysql.cj.jdbc.exceptions.SQLExceptionsMapping.translateException(SQLExceptionsMapping.java:114) ~[mysql-connector-j-9.7.0.jar:9.7.0]
	at com.mysql.cj.jdbc.StatementImpl.executeQuery(StatementImpl.java:1318) ~[mysql-connector-j-9.7.0.jar:9.7.0]
	at com.mysql.cj.jdbc.DatabaseMetaDataMysqlSchema.getColumns(DatabaseMetaDataMysqlSchema.java:1486) ~[mysql-connector-j-9.7.0.jar:9.7.0]
	at com.zaxxer.hikari.pool.ProxyDatabaseMetaData.getColumns(ProxyDatabaseMetaData.java:129) ~[HikariCP-7.0.2.jar:na]
	at com.zaxxer.hikari.pool.HikariProxyDatabaseMetaData.getColumns(HikariProxyDatabaseMetaData.java) ~[HikariCP-7.0.2.jar:na]
	at liquibase.snapshot.JdbcDatabaseSnapshot$CachingDatabaseMetaData$GetColumnResultSetCache.fastFetchQuery(JdbcDatabaseSnapshot.java:470) ~[liquibase-core-5.0.2.jar:na]
	at liquibase.snapshot.ResultSetCache$SingleResultSetExtractor.fastFetch(ResultSetCache.java:338) ~[liquibase-core-5.0.2.jar:na]
	at liquibase.snapshot.ResultSetCache.get(ResultSetCache.java:71) ~[liquibase-core-5.0.2.jar:na]
	... 68 common frames omitted

2026-06-18T16:34:03.352-04:00  INFO 13400 --- [ventas-service] [restartedMain] c.t.v.VentasServiceApplication           : Starting VentasServiceApplication using Java 21.0.11 with PID 13400 (C:\Users\crist\Desktop\Proyecto\titaniumarmor\ventas-service\target\classes started by crist in C:\Users\crist\Desktop\Proyecto\titaniumarmor\ventas-service)
2026-06-18T16:34:03.359-04:00  INFO 13400 --- [ventas-service] [restartedMain] c.t.v.VentasServiceApplication           : The following 1 profile is active: "dev"
2026-06-18T16:34:03.446-04:00  INFO 13400 --- [ventas-service] [restartedMain] .e.DevToolsPropertyDefaultsPostProcessor : Devtools property defaults active! Set 'spring.devtools.add-properties' to 'false' to disable
2026-06-18T16:34:03.446-04:00  INFO 13400 --- [ventas-service] [restartedMain] .e.DevToolsPropertyDefaultsPostProcessor : For additional web related logging consider setting the 'logging.level.web' property to 'DEBUG'
2026-06-18T16:34:05.151-04:00  INFO 13400 --- [ventas-service] [restartedMain] .s.d.r.c.RepositoryConfigurationDelegate : Bootstrapping Spring Data JPA repositories in DEFAULT mode.
2026-06-18T16:34:05.641-04:00  INFO 13400 --- [ventas-service] [restartedMain] .s.d.r.c.RepositoryConfigurationDelegate : Finished Spring Data repository scanning in 463 ms. Found 2 JPA repository interfaces.
2026-06-18T16:34:07.049-04:00  INFO 13400 --- [ventas-service] [restartedMain] o.s.boot.tomcat.TomcatWebServer          : Tomcat initialized with port 9094 (http)
2026-06-18T16:34:07.088-04:00  INFO 13400 --- [ventas-service] [restartedMain] o.apache.catalina.core.StandardService   : Starting service [Tomcat]
2026-06-18T16:34:07.089-04:00  INFO 13400 --- [ventas-service] [restartedMain] o.apache.catalina.core.StandardEngine    : Starting Servlet engine: [Apache Tomcat/11.0.21]
2026-06-18T16:34:07.202-04:00  INFO 13400 --- [ventas-service] [restartedMain] b.w.c.s.WebApplicationContextInitializer : Root WebApplicationContext: initialization completed in 3756 ms
2026-06-18T16:34:07.829-04:00  INFO 13400 --- [ventas-service] [restartedMain] com.zaxxer.hikari.HikariDataSource       : HikariPool-1 - Starting...
2026-06-18T16:34:08.624-04:00  INFO 13400 --- [ventas-service] [restartedMain] com.zaxxer.hikari.pool.HikariPool        : HikariPool-1 - Added connection com.mysql.cj.jdbc.ConnectionImpl@6b5c18a9
2026-06-18T16:34:08.628-04:00  INFO 13400 --- [ventas-service] [restartedMain] com.zaxxer.hikari.HikariDataSource       : HikariPool-1 - Start completed.
2026-06-18T16:34:10.806-04:00  INFO 13400 --- [ventas-service] [restartedMain] liquibase.changelog                      : Creating database changelog table with name: ventas_db.databasechangelog
2026-06-18T16:34:10.980-04:00  INFO 13400 --- [ventas-service] [restartedMain] liquibase.changelog                      : Reading from ventas_db.databasechangelog
2026-06-18T16:34:10.996-04:00  INFO 13400 --- [ventas-service] [restartedMain] liquibase.snapshot                       : Creating snapshot
2026-06-18T16:34:11.034-04:00  INFO 13400 --- [ventas-service] [restartedMain] liquibase.ui                             : Name 'PK_DATABASECHANGELOGLOCK' ignored for PRIMARY key.
2026-06-18T16:34:11.122-04:00  INFO 13400 --- [ventas-service] [restartedMain] liquibase.lockservice                    : Successfully acquired change log lock
2026-06-18T16:34:11.130-04:00  INFO 13400 --- [ventas-service] [restartedMain] liquibase.command                        : Using deploymentId: 1814847763
2026-06-18T16:34:11.135-04:00  INFO 13400 --- [ventas-service] [restartedMain] liquibase.changelog                      : Reading from ventas_db.databasechangelog
2026-06-18T16:34:11.180-04:00  INFO 13400 --- [ventas-service] [restartedMain] liquibase.ui                             : Running Changeset: db/changelog/changes/001-create-ventas.yaml::1::cristopher
2026-06-18T16:34:11.207-04:00  INFO 13400 --- [ventas-service] [restartedMain] liquibase.ui                             : Name 'PK_VENTAS' ignored for PRIMARY key.
2026-06-18T16:34:11.208-04:00  INFO 13400 --- [ventas-service] [restartedMain] liquibase.changelog                      : Table ventas created
2026-06-18T16:34:11.219-04:00  INFO 13400 --- [ventas-service] [restartedMain] liquibase.ui                             : Name 'PK_DETALLE_VENTAS' ignored for PRIMARY key.
2026-06-18T16:34:11.223-04:00  INFO 13400 --- [ventas-service] [restartedMain] liquibase.changelog                      : Table detalle_ventas created
2026-06-18T16:34:11.279-04:00  INFO 13400 --- [ventas-service] [restartedMain] liquibase.changelog                      : Foreign key constraint added to detalle_ventas (venta_id)
2026-06-18T16:34:11.285-04:00  INFO 13400 --- [ventas-service] [restartedMain] liquibase.changelog                      : ChangeSet db/changelog/changes/001-create-ventas.yaml::1::cristopher ran successfully in 97ms
2026-06-18T16:34:11.305-04:00  INFO 13400 --- [ventas-service] [restartedMain] liquibase.util                           : UPDATE SUMMARY
2026-06-18T16:34:11.305-04:00  INFO 13400 --- [ventas-service] [restartedMain] liquibase.util                           : Run:                          1
2026-06-18T16:34:11.306-04:00  INFO 13400 --- [ventas-service] [restartedMain] liquibase.util                           : Previously run:               0
2026-06-18T16:34:11.307-04:00  INFO 13400 --- [ventas-service] [restartedMain] liquibase.util                           : Filtered out:                 0
2026-06-18T16:34:11.308-04:00  INFO 13400 --- [ventas-service] [restartedMain] liquibase.util                           : -------------------------------
2026-06-18T16:34:11.308-04:00  INFO 13400 --- [ventas-service] [restartedMain] liquibase.util                           : Total change sets:            1
2026-06-18T16:34:11.310-04:00  INFO 13400 --- [ventas-service] [restartedMain] liquibase.util                           : Update summary generated
2026-06-18T16:34:11.321-04:00  INFO 13400 --- [ventas-service] [restartedMain] liquibase.command                        : Update command completed successfully.
2026-06-18T16:34:11.321-04:00  INFO 13400 --- [ventas-service] [restartedMain] liquibase.ui                             : Liquibase: Update has been successful. Rows affected: 0
2026-06-18T16:34:11.326-04:00  INFO 13400 --- [ventas-service] [restartedMain] liquibase.lockservice                    : Successfully released change log lock
2026-06-18T16:34:11.330-04:00  INFO 13400 --- [ventas-service] [restartedMain] liquibase.command                        : Command execution complete
2026-06-18T16:34:11.486-04:00  INFO 13400 --- [ventas-service] [restartedMain] org.hibernate.orm.jpa                    : HHH008540: Processing PersistenceUnitInfo [name: default]
2026-06-18T16:34:11.588-04:00  INFO 13400 --- [ventas-service] [restartedMain] org.hibernate.orm.core                   : HHH000001: Hibernate ORM core version 7.2.12.Final
2026-06-18T16:34:12.572-04:00  INFO 13400 --- [ventas-service] [restartedMain] o.s.o.j.p.SpringPersistenceUnitInfo      : No LoadTimeWeaver setup: ignoring JPA class transformer
2026-06-18T16:34:12.715-04:00  WARN 13400 --- [ventas-service] [restartedMain] org.hibernate.orm.core                   : HHH000511: The 5.5.5 version for [org.hibernate.dialect.MySQLDialect] is no longer supported, hence certain features may not work properly.The minimum supported version is 8.0.0. Check the community dialects project for available legacy versions.
2026-06-18T16:34:12.739-04:00  INFO 13400 --- [ventas-service] [restartedMain] org.hibernate.orm.connections.pooling    : HHH10001005: Database info:
	Database JDBC URL [jdbc:mysql://localhost:3306/ventas_db?createDatabaseIfNotExist=true]
	Database driver: MySQL Connector/J
	Database dialect: MySQLDialect
	Database version: 5.5.5
	Default catalog/schema: ventas_db/undefined
	Autocommit mode: undefined/unknown
	Isolation level: REPEATABLE_READ [default REPEATABLE_READ]
	JDBC fetch size: none
	Pool: DataSourceConnectionProvider
	Minimum pool size: undefined/unknown
	Maximum pool size: undefined/unknown
2026-06-18T16:34:14.336-04:00  INFO 13400 --- [ventas-service] [restartedMain] org.hibernate.orm.core                   : HHH000489: No JTA platform available (set 'hibernate.transaction.jta.platform' to enable JTA platform integration)
2026-06-18T16:34:14.348-04:00  INFO 13400 --- [ventas-service] [restartedMain] j.LocalContainerEntityManagerFactoryBean : Initialized JPA EntityManagerFactory for persistence unit 'default'
2026-06-18T16:34:14.479-04:00  INFO 13400 --- [ventas-service] [restartedMain] o.s.d.j.r.query.QueryEnhancerFactories   : Hibernate is in classpath; If applicable, HQL parser will be used.
2026-06-18T16:34:15.356-04:00  WARN 13400 --- [ventas-service] [restartedMain] JpaBaseConfiguration$JpaWebConfiguration : spring.jpa.open-in-view is enabled by default. Therefore, database queries may be performed during view rendering. Explicitly configure spring.jpa.open-in-view to disable this warning
2026-06-18T16:34:16.300-04:00  INFO 13400 --- [ventas-service] [restartedMain] o.s.boot.tomcat.TomcatWebServer          : Tomcat started on port 9094 (http) with context path '/'
2026-06-18T16:34:16.315-04:00  INFO 13400 --- [ventas-service] [restartedMain] c.t.v.VentasServiceApplication           : Started VentasServiceApplication in 13.975 seconds (process running for 14.849)
2026-06-18T16:36:28.388-04:00  INFO 20056 --- [ventas-service] [restartedMain] c.t.v.VentasServiceApplication           : Starting VentasServiceApplication using Java 21.0.11 with PID 20056 (C:\Users\crist\Desktop\Proyecto\titaniumarmor\ventas-service\target\classes started by crist in C:\Users\crist\Desktop\Proyecto\titaniumarmor\ventas-service)
2026-06-18T16:36:28.395-04:00  INFO 20056 --- [ventas-service] [restartedMain] c.t.v.VentasServiceApplication           : The following 1 profile is active: "dev"
2026-06-18T16:36:28.512-04:00  INFO 20056 --- [ventas-service] [restartedMain] .e.DevToolsPropertyDefaultsPostProcessor : Devtools property defaults active! Set 'spring.devtools.add-properties' to 'false' to disable
2026-06-18T16:36:28.514-04:00  INFO 20056 --- [ventas-service] [restartedMain] .e.DevToolsPropertyDefaultsPostProcessor : For additional web related logging consider setting the 'logging.level.web' property to 'DEBUG'
2026-06-18T16:36:30.881-04:00  INFO 20056 --- [ventas-service] [restartedMain] .s.d.r.c.RepositoryConfigurationDelegate : Bootstrapping Spring Data JPA repositories in DEFAULT mode.
2026-06-18T16:36:31.259-04:00  INFO 20056 --- [ventas-service] [restartedMain] .s.d.r.c.RepositoryConfigurationDelegate : Finished Spring Data repository scanning in 357 ms. Found 2 JPA repository interfaces.
2026-06-18T16:36:32.770-04:00  INFO 20056 --- [ventas-service] [restartedMain] o.s.boot.tomcat.TomcatWebServer          : Tomcat initialized with port 9094 (http)
2026-06-18T16:36:32.812-04:00  INFO 20056 --- [ventas-service] [restartedMain] o.apache.catalina.core.StandardService   : Starting service [Tomcat]
2026-06-18T16:36:32.814-04:00  INFO 20056 --- [ventas-service] [restartedMain] o.apache.catalina.core.StandardEngine    : Starting Servlet engine: [Apache Tomcat/11.0.21]
2026-06-18T16:36:32.941-04:00  INFO 20056 --- [ventas-service] [restartedMain] b.w.c.s.WebApplicationContextInitializer : Root WebApplicationContext: initialization completed in 4419 ms
2026-06-18T16:36:33.229-04:00  INFO 20056 --- [ventas-service] [restartedMain] com.zaxxer.hikari.HikariDataSource       : HikariPool-1 - Starting...
2026-06-18T16:36:33.672-04:00  INFO 20056 --- [ventas-service] [restartedMain] com.zaxxer.hikari.pool.HikariPool        : HikariPool-1 - Added connection com.mysql.cj.jdbc.ConnectionImpl@1c8f5887
2026-06-18T16:36:33.677-04:00  INFO 20056 --- [ventas-service] [restartedMain] com.zaxxer.hikari.HikariDataSource       : HikariPool-1 - Start completed.
2026-06-18T16:36:36.397-04:00  INFO 20056 --- [ventas-service] [restartedMain] liquibase.changelog                      : Creating database changelog table with name: ventas_db.databasechangelog
2026-06-18T16:36:36.756-04:00  INFO 20056 --- [ventas-service] [restartedMain] liquibase.changelog                      : Reading from ventas_db.databasechangelog
2026-06-18T16:36:36.792-04:00  INFO 20056 --- [ventas-service] [restartedMain] liquibase.snapshot                       : Creating snapshot
2026-06-18T16:36:36.877-04:00  INFO 20056 --- [ventas-service] [restartedMain] liquibase.ui                             : Name 'PK_DATABASECHANGELOGLOCK' ignored for PRIMARY key.
2026-06-18T16:36:37.139-04:00  INFO 20056 --- [ventas-service] [restartedMain] liquibase.lockservice                    : Successfully acquired change log lock
2026-06-18T16:36:37.143-04:00  INFO 20056 --- [ventas-service] [restartedMain] liquibase.command                        : Using deploymentId: 1814993200
2026-06-18T16:36:37.152-04:00  INFO 20056 --- [ventas-service] [restartedMain] liquibase.changelog                      : Reading from ventas_db.databasechangelog
2026-06-18T16:36:37.215-04:00  INFO 20056 --- [ventas-service] [restartedMain] liquibase.ui                             : Running Changeset: db/changelog/changes/001-create-ventas.yaml::1::cristopher
2026-06-18T16:36:37.246-04:00  INFO 20056 --- [ventas-service] [restartedMain] liquibase.ui                             : Name 'PK_VENTAS' ignored for PRIMARY key.
2026-06-18T16:36:37.248-04:00  INFO 20056 --- [ventas-service] [restartedMain] liquibase.changelog                      : Table ventas created
2026-06-18T16:36:37.268-04:00  INFO 20056 --- [ventas-service] [restartedMain] liquibase.ui                             : Name 'PK_DETALLE_VENTAS' ignored for PRIMARY key.
2026-06-18T16:36:37.268-04:00  INFO 20056 --- [ventas-service] [restartedMain] liquibase.changelog                      : Table detalle_ventas created
2026-06-18T16:36:37.333-04:00  INFO 20056 --- [ventas-service] [restartedMain] liquibase.changelog                      : Foreign key constraint added to detalle_ventas (venta_id)
2026-06-18T16:36:37.339-04:00  INFO 20056 --- [ventas-service] [restartedMain] liquibase.changelog                      : ChangeSet db/changelog/changes/001-create-ventas.yaml::1::cristopher ran successfully in 118ms
2026-06-18T16:36:37.363-04:00  INFO 20056 --- [ventas-service] [restartedMain] liquibase.util                           : UPDATE SUMMARY
2026-06-18T16:36:37.363-04:00  INFO 20056 --- [ventas-service] [restartedMain] liquibase.util                           : Run:                          1
2026-06-18T16:36:37.363-04:00  INFO 20056 --- [ventas-service] [restartedMain] liquibase.util                           : Previously run:               0
2026-06-18T16:36:37.363-04:00  INFO 20056 --- [ventas-service] [restartedMain] liquibase.util                           : Filtered out:                 0
2026-06-18T16:36:37.363-04:00  INFO 20056 --- [ventas-service] [restartedMain] liquibase.util                           : -------------------------------
2026-06-18T16:36:37.367-04:00  INFO 20056 --- [ventas-service] [restartedMain] liquibase.util                           : Total change sets:            1
2026-06-18T16:36:37.369-04:00  INFO 20056 --- [ventas-service] [restartedMain] liquibase.util                           : Update summary generated
2026-06-18T16:36:37.371-04:00  INFO 20056 --- [ventas-service] [restartedMain] liquibase.command                        : Update command completed successfully.
2026-06-18T16:36:37.371-04:00  INFO 20056 --- [ventas-service] [restartedMain] liquibase.ui                             : Liquibase: Update has been successful. Rows affected: 0
2026-06-18T16:36:37.381-04:00  INFO 20056 --- [ventas-service] [restartedMain] liquibase.lockservice                    : Successfully released change log lock
2026-06-18T16:36:37.383-04:00  INFO 20056 --- [ventas-service] [restartedMain] liquibase.command                        : Command execution complete
2026-06-18T16:36:37.548-04:00  INFO 20056 --- [ventas-service] [restartedMain] org.hibernate.orm.jpa                    : HHH008540: Processing PersistenceUnitInfo [name: default]
2026-06-18T16:36:37.668-04:00  INFO 20056 --- [ventas-service] [restartedMain] org.hibernate.orm.core                   : HHH000001: Hibernate ORM core version 7.2.12.Final
2026-06-18T16:36:39.194-04:00  INFO 20056 --- [ventas-service] [restartedMain] o.s.o.j.p.SpringPersistenceUnitInfo      : No LoadTimeWeaver setup: ignoring JPA class transformer
2026-06-18T16:36:39.355-04:00  WARN 20056 --- [ventas-service] [restartedMain] org.hibernate.orm.core                   : HHH000511: The 5.5.5 version for [org.hibernate.dialect.MySQLDialect] is no longer supported, hence certain features may not work properly.The minimum supported version is 8.0.0. Check the community dialects project for available legacy versions.
2026-06-18T16:36:39.412-04:00  INFO 20056 --- [ventas-service] [restartedMain] org.hibernate.orm.connections.pooling    : HHH10001005: Database info:
	Database JDBC URL [jdbc:mysql://localhost:3306/ventas_db?createDatabaseIfNotExist=true]
	Database driver: MySQL Connector/J
	Database dialect: MySQLDialect
	Database version: 5.5.5
	Default catalog/schema: ventas_db/undefined
	Autocommit mode: undefined/unknown
	Isolation level: REPEATABLE_READ [default REPEATABLE_READ]
	JDBC fetch size: none
	Pool: DataSourceConnectionProvider
	Minimum pool size: undefined/unknown
	Maximum pool size: undefined/unknown
2026-06-18T16:36:41.672-04:00  INFO 20056 --- [ventas-service] [restartedMain] org.hibernate.orm.core                   : HHH000489: No JTA platform available (set 'hibernate.transaction.jta.platform' to enable JTA platform integration)
2026-06-18T16:36:41.711-04:00  INFO 20056 --- [ventas-service] [restartedMain] j.LocalContainerEntityManagerFactoryBean : Initialized JPA EntityManagerFactory for persistence unit 'default'
2026-06-18T16:36:42.010-04:00  INFO 20056 --- [ventas-service] [restartedMain] o.s.d.j.r.query.QueryEnhancerFactories   : Hibernate is in classpath; If applicable, HQL parser will be used.
2026-06-18T16:36:43.647-04:00  WARN 20056 --- [ventas-service] [restartedMain] JpaBaseConfiguration$JpaWebConfiguration : spring.jpa.open-in-view is enabled by default. Therefore, database queries may be performed during view rendering. Explicitly configure spring.jpa.open-in-view to disable this warning
2026-06-18T16:36:44.849-04:00  INFO 20056 --- [ventas-service] [restartedMain] o.s.boot.tomcat.TomcatWebServer          : Tomcat started on port 9094 (http) with context path '/'
2026-06-18T16:36:44.870-04:00  INFO 20056 --- [ventas-service] [restartedMain] c.t.v.VentasServiceApplication           : Started VentasServiceApplication in 17.489 seconds (process running for 18.365)
