2026-06-17T22:11:03.620-04:00  INFO 17116 --- [catalogo-service] [restartedMain] c.t.c.CatalogoServiceApplication         : Starting CatalogoServiceApplication using Java 21.0.11 with PID 17116 (C:\Users\crist\Desktop\Proyecto\titaniumarmor\catalogo-service\target\classes started by crist in C:\Users\crist\Desktop\Proyecto\titaniumarmor\catalogo-service)
2026-06-17T22:11:03.642-04:00  INFO 17116 --- [catalogo-service] [restartedMain] c.t.c.CatalogoServiceApplication         : The following 1 profile is active: "dev"
2026-06-17T22:11:03.768-04:00  INFO 17116 --- [catalogo-service] [restartedMain] .e.DevToolsPropertyDefaultsPostProcessor : Devtools property defaults active! Set 'spring.devtools.add-properties' to 'false' to disable
2026-06-17T22:11:03.770-04:00  INFO 17116 --- [catalogo-service] [restartedMain] .e.DevToolsPropertyDefaultsPostProcessor : For additional web related logging consider setting the 'logging.level.web' property to 'DEBUG'
2026-06-17T22:11:06.337-04:00  INFO 17116 --- [catalogo-service] [restartedMain] .s.d.r.c.RepositoryConfigurationDelegate : Bootstrapping Spring Data JPA repositories in DEFAULT mode.
2026-06-17T22:11:06.526-04:00  INFO 17116 --- [catalogo-service] [restartedMain] .s.d.r.c.RepositoryConfigurationDelegate : Finished Spring Data repository scanning in 163 ms. Found 2 JPA repository interfaces.
2026-06-17T22:11:08.010-04:00  INFO 17116 --- [catalogo-service] [restartedMain] o.s.boot.tomcat.TomcatWebServer          : Tomcat initialized with port 9092 (http)
2026-06-17T22:11:08.072-04:00  INFO 17116 --- [catalogo-service] [restartedMain] o.apache.catalina.core.StandardService   : Starting service [Tomcat]
2026-06-17T22:11:08.076-04:00  INFO 17116 --- [catalogo-service] [restartedMain] o.apache.catalina.core.StandardEngine    : Starting Servlet engine: [Apache Tomcat/11.0.21]
2026-06-17T22:11:08.216-04:00  INFO 17116 --- [catalogo-service] [restartedMain] b.w.c.s.WebApplicationContextInitializer : Root WebApplicationContext: initialization completed in 4441 ms
2026-06-17T22:11:08.617-04:00  INFO 17116 --- [catalogo-service] [restartedMain] com.zaxxer.hikari.HikariDataSource       : HikariPool-1 - Starting...
2026-06-17T22:11:09.180-04:00  INFO 17116 --- [catalogo-service] [restartedMain] com.zaxxer.hikari.pool.HikariPool        : HikariPool-1 - Added connection com.mysql.cj.jdbc.ConnectionImpl@3e15e540
2026-06-17T22:11:09.187-04:00  INFO 17116 --- [catalogo-service] [restartedMain] com.zaxxer.hikari.HikariDataSource       : HikariPool-1 - Start completed.
2026-06-17T22:11:14.658-04:00  INFO 17116 --- [catalogo-service] [restartedMain] liquibase.changelog                      : Reading from catalogo_db.databasechangelog
2026-06-17T22:11:14.857-04:00  INFO 17116 --- [catalogo-service] [restartedMain] liquibase.ui                             : Database is up to date, no changesets to execute
2026-06-17T22:11:14.867-04:00  INFO 17116 --- [catalogo-service] [restartedMain] liquibase.changelog                      : Reading from catalogo_db.databasechangelog
2026-06-17T22:11:15.140-04:00  INFO 17116 --- [catalogo-service] [restartedMain] liquibase.util                           : UPDATE SUMMARY
2026-06-17T22:11:15.227-04:00  INFO 17116 --- [catalogo-service] [restartedMain] liquibase.util                           : Run:                          0
2026-06-17T22:11:15.235-04:00  INFO 17116 --- [catalogo-service] [restartedMain] liquibase.util                           : Previously run:               2
2026-06-17T22:11:15.244-04:00  INFO 17116 --- [catalogo-service] [restartedMain] liquibase.util                           : Filtered out:                 0
2026-06-17T22:11:15.261-04:00  INFO 17116 --- [catalogo-service] [restartedMain] liquibase.util                           : -------------------------------
2026-06-17T22:11:15.289-04:00  INFO 17116 --- [catalogo-service] [restartedMain] liquibase.util                           : Total change sets:            2
2026-06-17T22:11:15.323-04:00  INFO 17116 --- [catalogo-service] [restartedMain] liquibase.util                           : Update summary generated
2026-06-17T22:11:15.341-04:00  INFO 17116 --- [catalogo-service] [restartedMain] liquibase.command                        : Command execution complete
2026-06-17T22:11:15.766-04:00  INFO 17116 --- [catalogo-service] [restartedMain] org.hibernate.orm.jpa                    : HHH008540: Processing PersistenceUnitInfo [name: default]
2026-06-17T22:11:16.066-04:00  INFO 17116 --- [catalogo-service] [restartedMain] org.hibernate.orm.core                   : HHH000001: Hibernate ORM core version 7.2.12.Final
2026-06-17T22:11:18.606-04:00  INFO 17116 --- [catalogo-service] [restartedMain] o.s.o.j.p.SpringPersistenceUnitInfo      : No LoadTimeWeaver setup: ignoring JPA class transformer
2026-06-17T22:11:18.833-04:00  WARN 17116 --- [catalogo-service] [restartedMain] org.hibernate.orm.core                   : HHH000511: The 5.5.5 version for [org.hibernate.dialect.MySQLDialect] is no longer supported, hence certain features may not work properly.The minimum supported version is 8.0.0. Check the community dialects project for available legacy versions.
2026-06-17T22:11:18.888-04:00  INFO 17116 --- [catalogo-service] [restartedMain] org.hibernate.orm.connections.pooling    : HHH10001005: Database info:
	Database JDBC URL [jdbc:mysql://localhost:3306/catalogo_db?createDatabaseIfNotExist=true]
	Database driver: MySQL Connector/J
	Database dialect: MySQLDialect
	Database version: 5.5.5
	Default catalog/schema: catalogo_db/undefined
	Autocommit mode: undefined/unknown
	Isolation level: REPEATABLE_READ [default REPEATABLE_READ]
	JDBC fetch size: none
	Pool: DataSourceConnectionProvider
	Minimum pool size: undefined/unknown
	Maximum pool size: undefined/unknown
2026-06-17T22:11:22.465-04:00  INFO 17116 --- [catalogo-service] [restartedMain] org.hibernate.orm.core                   : HHH000489: No JTA platform available (set 'hibernate.transaction.jta.platform' to enable JTA platform integration)
2026-06-17T22:11:22.487-04:00  INFO 17116 --- [catalogo-service] [restartedMain] j.LocalContainerEntityManagerFactoryBean : Initialized JPA EntityManagerFactory for persistence unit 'default'
2026-06-17T22:11:22.802-04:00  INFO 17116 --- [catalogo-service] [restartedMain] o.s.d.j.r.query.QueryEnhancerFactories   : Hibernate is in classpath; If applicable, HQL parser will be used.
2026-06-17T22:11:23.926-04:00  WARN 17116 --- [catalogo-service] [restartedMain] JpaBaseConfiguration$JpaWebConfiguration : spring.jpa.open-in-view is enabled by default. Therefore, database queries may be performed during view rendering. Explicitly configure spring.jpa.open-in-view to disable this warning
2026-06-17T22:11:26.039-04:00  INFO 17116 --- [catalogo-service] [restartedMain] o.s.boot.tomcat.TomcatWebServer          : Tomcat started on port 9092 (http) with context path '/'
2026-06-17T22:11:26.054-04:00  INFO 17116 --- [catalogo-service] [restartedMain] c.t.c.CatalogoServiceApplication         : Started CatalogoServiceApplication in 23.584 seconds (process running for 24.695)
2026-06-17T22:28:11.966-04:00  INFO 328 --- [catalogo-service] [restartedMain] c.t.c.CatalogoServiceApplication         : Starting CatalogoServiceApplication using Java 21.0.11 with PID 328 (C:\Users\crist\Desktop\Proyecto\titaniumarmor\catalogo-service\target\classes started by crist in C:\Users\crist\Desktop\Proyecto\titaniumarmor\catalogo-service)
2026-06-17T22:28:11.971-04:00  INFO 328 --- [catalogo-service] [restartedMain] c.t.c.CatalogoServiceApplication         : The following 1 profile is active: "dev"
2026-06-17T22:28:12.074-04:00  INFO 328 --- [catalogo-service] [restartedMain] .e.DevToolsPropertyDefaultsPostProcessor : Devtools property defaults active! Set 'spring.devtools.add-properties' to 'false' to disable
2026-06-17T22:28:12.078-04:00  INFO 328 --- [catalogo-service] [restartedMain] .e.DevToolsPropertyDefaultsPostProcessor : For additional web related logging consider setting the 'logging.level.web' property to 'DEBUG'
2026-06-17T22:28:13.348-04:00  INFO 328 --- [catalogo-service] [restartedMain] .s.d.r.c.RepositoryConfigurationDelegate : Bootstrapping Spring Data JPA repositories in DEFAULT mode.
2026-06-17T22:28:13.439-04:00  INFO 328 --- [catalogo-service] [restartedMain] .s.d.r.c.RepositoryConfigurationDelegate : Finished Spring Data repository scanning in 73 ms. Found 2 JPA repository interfaces.
2026-06-17T22:28:14.437-04:00  INFO 328 --- [catalogo-service] [restartedMain] o.s.boot.tomcat.TomcatWebServer          : Tomcat initialized with port 9092 (http)
2026-06-17T22:28:14.467-04:00  INFO 328 --- [catalogo-service] [restartedMain] o.apache.catalina.core.StandardService   : Starting service [Tomcat]
2026-06-17T22:28:14.469-04:00  INFO 328 --- [catalogo-service] [restartedMain] o.apache.catalina.core.StandardEngine    : Starting Servlet engine: [Apache Tomcat/11.0.21]
2026-06-17T22:28:14.551-04:00  INFO 328 --- [catalogo-service] [restartedMain] b.w.c.s.WebApplicationContextInitializer : Root WebApplicationContext: initialization completed in 2467 ms
2026-06-17T22:28:14.840-04:00  INFO 328 --- [catalogo-service] [restartedMain] com.zaxxer.hikari.HikariDataSource       : HikariPool-1 - Starting...
2026-06-17T22:28:15.260-04:00  INFO 328 --- [catalogo-service] [restartedMain] com.zaxxer.hikari.pool.HikariPool        : HikariPool-1 - Added connection com.mysql.cj.jdbc.ConnectionImpl@75074e0f
2026-06-17T22:28:15.265-04:00  INFO 328 --- [catalogo-service] [restartedMain] com.zaxxer.hikari.HikariDataSource       : HikariPool-1 - Start completed.
2026-06-17T22:28:18.035-04:00  INFO 328 --- [catalogo-service] [restartedMain] liquibase.changelog                      : Creating database changelog table with name: catalogo_db.databasechangelog
2026-06-17T22:28:18.384-04:00  INFO 328 --- [catalogo-service] [restartedMain] liquibase.changelog                      : Reading from catalogo_db.databasechangelog
2026-06-17T22:28:18.413-04:00  INFO 328 --- [catalogo-service] [restartedMain] liquibase.snapshot                       : Creating snapshot
2026-06-17T22:28:18.456-04:00  INFO 328 --- [catalogo-service] [restartedMain] liquibase.ui                             : Name 'PK_DATABASECHANGELOGLOCK' ignored for PRIMARY key.
2026-06-17T22:28:18.581-04:00  INFO 328 --- [catalogo-service] [restartedMain] liquibase.lockservice                    : Successfully acquired change log lock
2026-06-17T22:28:18.582-04:00  INFO 328 --- [catalogo-service] [restartedMain] liquibase.command                        : Using deploymentId: 1749694812
2026-06-17T22:28:18.588-04:00  INFO 328 --- [catalogo-service] [restartedMain] liquibase.changelog                      : Reading from catalogo_db.databasechangelog
2026-06-17T22:28:18.623-04:00  INFO 328 --- [catalogo-service] [restartedMain] liquibase.ui                             : Running Changeset: db/changelog/001-create-categorias.yaml::1::cristopher
2026-06-17T22:28:18.642-04:00  INFO 328 --- [catalogo-service] [restartedMain] liquibase.ui                             : Name 'PK_CATEGORIAS' ignored for PRIMARY key.
2026-06-17T22:28:18.642-04:00  INFO 328 --- [catalogo-service] [restartedMain] liquibase.changelog                      : Table categorias created
2026-06-17T22:28:18.646-04:00  INFO 328 --- [catalogo-service] [restartedMain] liquibase.changelog                      : ChangeSet db/changelog/001-create-categorias.yaml::1::cristopher ran successfully in 19ms
2026-06-17T22:28:18.661-04:00  INFO 328 --- [catalogo-service] [restartedMain] liquibase.ui                             : Running Changeset: db/changelog/002-create-productos.yaml::2::cristopher
2026-06-17T22:28:18.679-04:00  INFO 328 --- [catalogo-service] [restartedMain] liquibase.ui                             : Name 'PK_PRODUCTOS' ignored for PRIMARY key.
2026-06-17T22:28:18.681-04:00  INFO 328 --- [catalogo-service] [restartedMain] liquibase.changelog                      : Table productos created
2026-06-17T22:28:18.739-04:00  INFO 328 --- [catalogo-service] [restartedMain] liquibase.changelog                      : Foreign key constraint added to productos (categoria_id)
2026-06-17T22:28:18.741-04:00  INFO 328 --- [catalogo-service] [restartedMain] liquibase.changelog                      : ChangeSet db/changelog/002-create-productos.yaml::2::cristopher ran successfully in 80ms
2026-06-17T22:28:18.754-04:00  INFO 328 --- [catalogo-service] [restartedMain] liquibase.util                           : UPDATE SUMMARY
2026-06-17T22:28:18.757-04:00  INFO 328 --- [catalogo-service] [restartedMain] liquibase.util                           : Run:                          2
2026-06-17T22:28:18.757-04:00  INFO 328 --- [catalogo-service] [restartedMain] liquibase.util                           : Previously run:               0
2026-06-17T22:28:18.759-04:00  INFO 328 --- [catalogo-service] [restartedMain] liquibase.util                           : Filtered out:                 0
2026-06-17T22:28:18.759-04:00  INFO 328 --- [catalogo-service] [restartedMain] liquibase.util                           : -------------------------------
2026-06-17T22:28:18.759-04:00  INFO 328 --- [catalogo-service] [restartedMain] liquibase.util                           : Total change sets:            2
2026-06-17T22:28:18.760-04:00  INFO 328 --- [catalogo-service] [restartedMain] liquibase.util                           : Update summary generated
2026-06-17T22:28:18.766-04:00  INFO 328 --- [catalogo-service] [restartedMain] liquibase.command                        : Update command completed successfully.
2026-06-17T22:28:18.766-04:00  INFO 328 --- [catalogo-service] [restartedMain] liquibase.ui                             : Liquibase: Update has been successful. Rows affected: 0
2026-06-17T22:28:18.771-04:00  INFO 328 --- [catalogo-service] [restartedMain] liquibase.lockservice                    : Successfully released change log lock
2026-06-17T22:28:18.777-04:00  INFO 328 --- [catalogo-service] [restartedMain] liquibase.command                        : Command execution complete
2026-06-17T22:28:18.903-04:00  INFO 328 --- [catalogo-service] [restartedMain] org.hibernate.orm.jpa                    : HHH008540: Processing PersistenceUnitInfo [name: default]
2026-06-17T22:28:18.990-04:00  INFO 328 --- [catalogo-service] [restartedMain] org.hibernate.orm.core                   : HHH000001: Hibernate ORM core version 7.2.12.Final
2026-06-17T22:28:19.876-04:00  INFO 328 --- [catalogo-service] [restartedMain] o.s.o.j.p.SpringPersistenceUnitInfo      : No LoadTimeWeaver setup: ignoring JPA class transformer
2026-06-17T22:28:20.016-04:00  WARN 328 --- [catalogo-service] [restartedMain] org.hibernate.orm.core                   : HHH000511: The 5.5.5 version for [org.hibernate.dialect.MySQLDialect] is no longer supported, hence certain features may not work properly.The minimum supported version is 8.0.0. Check the community dialects project for available legacy versions.
2026-06-17T22:28:20.052-04:00  INFO 328 --- [catalogo-service] [restartedMain] org.hibernate.orm.connections.pooling    : HHH10001005: Database info:
	Database JDBC URL [jdbc:mysql://localhost:3306/catalogo_db?createDatabaseIfNotExist=true]
	Database driver: MySQL Connector/J
	Database dialect: MySQLDialect
	Database version: 5.5.5
	Default catalog/schema: catalogo_db/undefined
	Autocommit mode: undefined/unknown
	Isolation level: REPEATABLE_READ [default REPEATABLE_READ]
	JDBC fetch size: none
	Pool: DataSourceConnectionProvider
	Minimum pool size: undefined/unknown
	Maximum pool size: undefined/unknown
2026-06-17T22:28:22.044-04:00  INFO 328 --- [catalogo-service] [restartedMain] org.hibernate.orm.core                   : HHH000489: No JTA platform available (set 'hibernate.transaction.jta.platform' to enable JTA platform integration)
2026-06-17T22:28:22.070-04:00  INFO 328 --- [catalogo-service] [restartedMain] j.LocalContainerEntityManagerFactoryBean : Initialized JPA EntityManagerFactory for persistence unit 'default'
2026-06-17T22:28:22.248-04:00  INFO 328 --- [catalogo-service] [restartedMain] o.s.d.j.r.query.QueryEnhancerFactories   : Hibernate is in classpath; If applicable, HQL parser will be used.
2026-06-17T22:28:22.967-04:00  WARN 328 --- [catalogo-service] [restartedMain] JpaBaseConfiguration$JpaWebConfiguration : spring.jpa.open-in-view is enabled by default. Therefore, database queries may be performed during view rendering. Explicitly configure spring.jpa.open-in-view to disable this warning
2026-06-17T22:28:23.996-04:00  INFO 328 --- [catalogo-service] [restartedMain] o.s.boot.tomcat.TomcatWebServer          : Tomcat started on port 9092 (http) with context path '/'
2026-06-17T22:28:24.010-04:00  INFO 328 --- [catalogo-service] [restartedMain] c.t.c.CatalogoServiceApplication         : Started CatalogoServiceApplication in 12.875 seconds (process running for 13.719)
2026-06-17T22:37:20.010-04:00  INFO 6596 --- [catalogo-service] [restartedMain] c.t.c.CatalogoServiceApplication         : Starting CatalogoServiceApplication using Java 21.0.11 with PID 6596 (C:\Users\crist\Desktop\Proyecto\titaniumarmor\catalogo-service\target\classes started by crist in C:\Users\crist\Desktop\Proyecto\titaniumarmor\catalogo-service)
2026-06-17T22:37:20.016-04:00  INFO 6596 --- [catalogo-service] [restartedMain] c.t.c.CatalogoServiceApplication         : The following 1 profile is active: "dev"
2026-06-17T22:37:20.106-04:00  INFO 6596 --- [catalogo-service] [restartedMain] .e.DevToolsPropertyDefaultsPostProcessor : Devtools property defaults active! Set 'spring.devtools.add-properties' to 'false' to disable
2026-06-17T22:37:20.106-04:00  INFO 6596 --- [catalogo-service] [restartedMain] .e.DevToolsPropertyDefaultsPostProcessor : For additional web related logging consider setting the 'logging.level.web' property to 'DEBUG'
2026-06-17T22:37:21.566-04:00  INFO 6596 --- [catalogo-service] [restartedMain] .s.d.r.c.RepositoryConfigurationDelegate : Bootstrapping Spring Data JPA repositories in DEFAULT mode.
2026-06-17T22:37:21.696-04:00  INFO 6596 --- [catalogo-service] [restartedMain] .s.d.r.c.RepositoryConfigurationDelegate : Finished Spring Data repository scanning in 111 ms. Found 2 JPA repository interfaces.
2026-06-17T22:37:22.830-04:00  INFO 6596 --- [catalogo-service] [restartedMain] o.s.boot.tomcat.TomcatWebServer          : Tomcat initialized with port 9092 (http)
2026-06-17T22:37:22.863-04:00  INFO 6596 --- [catalogo-service] [restartedMain] o.apache.catalina.core.StandardService   : Starting service [Tomcat]
2026-06-17T22:37:22.865-04:00  INFO 6596 --- [catalogo-service] [restartedMain] o.apache.catalina.core.StandardEngine    : Starting Servlet engine: [Apache Tomcat/11.0.21]
2026-06-17T22:37:22.952-04:00  INFO 6596 --- [catalogo-service] [restartedMain] b.w.c.s.WebApplicationContextInitializer : Root WebApplicationContext: initialization completed in 2844 ms
2026-06-17T22:37:23.297-04:00  INFO 6596 --- [catalogo-service] [restartedMain] com.zaxxer.hikari.HikariDataSource       : HikariPool-1 - Starting...
2026-06-17T22:37:23.791-04:00  INFO 6596 --- [catalogo-service] [restartedMain] com.zaxxer.hikari.pool.HikariPool        : HikariPool-1 - Added connection com.mysql.cj.jdbc.ConnectionImpl@75074e0f
2026-06-17T22:37:23.797-04:00  INFO 6596 --- [catalogo-service] [restartedMain] com.zaxxer.hikari.HikariDataSource       : HikariPool-1 - Start completed.
2026-06-17T22:37:26.145-04:00  INFO 6596 --- [catalogo-service] [restartedMain] liquibase.changelog                      : Creating database changelog table with name: catalogo_db.databasechangelog
2026-06-17T22:37:26.416-04:00  INFO 6596 --- [catalogo-service] [restartedMain] liquibase.changelog                      : Reading from catalogo_db.databasechangelog
2026-06-17T22:37:26.451-04:00  INFO 6596 --- [catalogo-service] [restartedMain] liquibase.snapshot                       : Creating snapshot
2026-06-17T22:37:26.500-04:00  INFO 6596 --- [catalogo-service] [restartedMain] liquibase.ui                             : Name 'PK_DATABASECHANGELOGLOCK' ignored for PRIMARY key.
2026-06-17T22:37:26.668-04:00  INFO 6596 --- [catalogo-service] [restartedMain] liquibase.lockservice                    : Successfully acquired change log lock
2026-06-17T22:37:26.670-04:00  INFO 6596 --- [catalogo-service] [restartedMain] liquibase.command                        : Using deploymentId: 1750243238
2026-06-17T22:37:26.676-04:00  INFO 6596 --- [catalogo-service] [restartedMain] liquibase.changelog                      : Reading from catalogo_db.databasechangelog
2026-06-17T22:37:26.714-04:00  INFO 6596 --- [catalogo-service] [restartedMain] liquibase.ui                             : Running Changeset: db/changelog/001-create-categorias.yaml::1::cristopher
2026-06-17T22:37:26.739-04:00  INFO 6596 --- [catalogo-service] [restartedMain] liquibase.ui                             : Name 'PK_CATEGORIAS' ignored for PRIMARY key.
2026-06-17T22:37:26.740-04:00  INFO 6596 --- [catalogo-service] [restartedMain] liquibase.changelog                      : Table categorias created
2026-06-17T22:37:26.747-04:00  INFO 6596 --- [catalogo-service] [restartedMain] liquibase.changelog                      : ChangeSet db/changelog/001-create-categorias.yaml::1::cristopher ran successfully in 27ms
2026-06-17T22:37:26.767-04:00  INFO 6596 --- [catalogo-service] [restartedMain] liquibase.ui                             : Running Changeset: db/changelog/002-create-productos.yaml::2::cristopher
2026-06-17T22:37:26.779-04:00  INFO 6596 --- [catalogo-service] [restartedMain] liquibase.ui                             : Name 'PK_PRODUCTOS' ignored for PRIMARY key.
2026-06-17T22:37:26.779-04:00  INFO 6596 --- [catalogo-service] [restartedMain] liquibase.changelog                      : Table productos created
2026-06-17T22:37:26.847-04:00  INFO 6596 --- [catalogo-service] [restartedMain] liquibase.changelog                      : Foreign key constraint added to productos (categoria_id)
2026-06-17T22:37:26.851-04:00  INFO 6596 --- [catalogo-service] [restartedMain] liquibase.changelog                      : ChangeSet db/changelog/002-create-productos.yaml::2::cristopher ran successfully in 84ms
2026-06-17T22:37:26.866-04:00  INFO 6596 --- [catalogo-service] [restartedMain] liquibase.util                           : UPDATE SUMMARY
2026-06-17T22:37:26.866-04:00  INFO 6596 --- [catalogo-service] [restartedMain] liquibase.util                           : Run:                          2
2026-06-17T22:37:26.869-04:00  INFO 6596 --- [catalogo-service] [restartedMain] liquibase.util                           : Previously run:               0
2026-06-17T22:37:26.870-04:00  INFO 6596 --- [catalogo-service] [restartedMain] liquibase.util                           : Filtered out:                 0
2026-06-17T22:37:26.872-04:00  INFO 6596 --- [catalogo-service] [restartedMain] liquibase.util                           : -------------------------------
2026-06-17T22:37:26.872-04:00  INFO 6596 --- [catalogo-service] [restartedMain] liquibase.util                           : Total change sets:            2
2026-06-17T22:37:26.876-04:00  INFO 6596 --- [catalogo-service] [restartedMain] liquibase.util                           : Update summary generated
2026-06-17T22:37:26.880-04:00  INFO 6596 --- [catalogo-service] [restartedMain] liquibase.command                        : Update command completed successfully.
2026-06-17T22:37:26.880-04:00  INFO 6596 --- [catalogo-service] [restartedMain] liquibase.ui                             : Liquibase: Update has been successful. Rows affected: 0
2026-06-17T22:37:26.885-04:00  INFO 6596 --- [catalogo-service] [restartedMain] liquibase.lockservice                    : Successfully released change log lock
2026-06-17T22:37:26.891-04:00  INFO 6596 --- [catalogo-service] [restartedMain] liquibase.command                        : Command execution complete
2026-06-17T22:37:27.029-04:00  INFO 6596 --- [catalogo-service] [restartedMain] org.hibernate.orm.jpa                    : HHH008540: Processing PersistenceUnitInfo [name: default]
2026-06-17T22:37:27.113-04:00  INFO 6596 --- [catalogo-service] [restartedMain] org.hibernate.orm.core                   : HHH000001: Hibernate ORM core version 7.2.12.Final
2026-06-17T22:37:28.462-04:00  INFO 6596 --- [catalogo-service] [restartedMain] o.s.o.j.p.SpringPersistenceUnitInfo      : No LoadTimeWeaver setup: ignoring JPA class transformer
2026-06-17T22:37:28.619-04:00  WARN 6596 --- [catalogo-service] [restartedMain] org.hibernate.orm.core                   : HHH000511: The 5.5.5 version for [org.hibernate.dialect.MySQLDialect] is no longer supported, hence certain features may not work properly.The minimum supported version is 8.0.0. Check the community dialects project for available legacy versions.
2026-06-17T22:37:28.654-04:00  INFO 6596 --- [catalogo-service] [restartedMain] org.hibernate.orm.connections.pooling    : HHH10001005: Database info:
	Database JDBC URL [jdbc:mysql://localhost:3306/catalogo_db?createDatabaseIfNotExist=true]
	Database driver: MySQL Connector/J
	Database dialect: MySQLDialect
	Database version: 5.5.5
	Default catalog/schema: catalogo_db/undefined
	Autocommit mode: undefined/unknown
	Isolation level: REPEATABLE_READ [default REPEATABLE_READ]
	JDBC fetch size: none
	Pool: DataSourceConnectionProvider
	Minimum pool size: undefined/unknown
	Maximum pool size: undefined/unknown
2026-06-17T22:37:30.839-04:00  INFO 6596 --- [catalogo-service] [restartedMain] org.hibernate.orm.core                   : HHH000489: No JTA platform available (set 'hibernate.transaction.jta.platform' to enable JTA platform integration)
2026-06-17T22:37:30.855-04:00  INFO 6596 --- [catalogo-service] [restartedMain] j.LocalContainerEntityManagerFactoryBean : Initialized JPA EntityManagerFactory for persistence unit 'default'
2026-06-17T22:37:31.025-04:00  INFO 6596 --- [catalogo-service] [restartedMain] o.s.d.j.r.query.QueryEnhancerFactories   : Hibernate is in classpath; If applicable, HQL parser will be used.
2026-06-17T22:37:31.807-04:00  WARN 6596 --- [catalogo-service] [restartedMain] JpaBaseConfiguration$JpaWebConfiguration : spring.jpa.open-in-view is enabled by default. Therefore, database queries may be performed during view rendering. Explicitly configure spring.jpa.open-in-view to disable this warning
2026-06-17T22:37:32.923-04:00  INFO 6596 --- [catalogo-service] [restartedMain] o.s.boot.tomcat.TomcatWebServer          : Tomcat started on port 9092 (http) with context path '/'
2026-06-17T22:37:32.938-04:00  INFO 6596 --- [catalogo-service] [restartedMain] c.t.c.CatalogoServiceApplication         : Started CatalogoServiceApplication in 13.682 seconds (process running for 14.487)
2026-06-17T22:44:27.063-04:00  INFO 13996 --- [catalogo-service] [restartedMain] c.t.c.CatalogoServiceApplication         : Starting CatalogoServiceApplication using Java 21.0.11 with PID 13996 (C:\Users\crist\Desktop\Proyecto\titaniumarmor\catalogo-service\target\classes started by crist in C:\Users\crist\Desktop\Proyecto\titaniumarmor\catalogo-service)
2026-06-17T22:44:27.075-04:00  INFO 13996 --- [catalogo-service] [restartedMain] c.t.c.CatalogoServiceApplication         : The following 1 profile is active: "dev"
2026-06-17T22:44:27.216-04:00  INFO 13996 --- [catalogo-service] [restartedMain] .e.DevToolsPropertyDefaultsPostProcessor : Devtools property defaults active! Set 'spring.devtools.add-properties' to 'false' to disable
2026-06-17T22:44:27.216-04:00  INFO 13996 --- [catalogo-service] [restartedMain] .e.DevToolsPropertyDefaultsPostProcessor : For additional web related logging consider setting the 'logging.level.web' property to 'DEBUG'
2026-06-17T22:44:28.620-04:00  INFO 13996 --- [catalogo-service] [restartedMain] .s.d.r.c.RepositoryConfigurationDelegate : Bootstrapping Spring Data JPA repositories in DEFAULT mode.
2026-06-17T22:44:28.727-04:00  INFO 13996 --- [catalogo-service] [restartedMain] .s.d.r.c.RepositoryConfigurationDelegate : Finished Spring Data repository scanning in 88 ms. Found 2 JPA repository interfaces.
2026-06-17T22:44:29.757-04:00  INFO 13996 --- [catalogo-service] [restartedMain] o.s.boot.tomcat.TomcatWebServer          : Tomcat initialized with port 9092 (http)
2026-06-17T22:44:29.788-04:00  INFO 13996 --- [catalogo-service] [restartedMain] o.apache.catalina.core.StandardService   : Starting service [Tomcat]
2026-06-17T22:44:29.788-04:00  INFO 13996 --- [catalogo-service] [restartedMain] o.apache.catalina.core.StandardEngine    : Starting Servlet engine: [Apache Tomcat/11.0.21]
2026-06-17T22:44:29.879-04:00  INFO 13996 --- [catalogo-service] [restartedMain] b.w.c.s.WebApplicationContextInitializer : Root WebApplicationContext: initialization completed in 2661 ms
2026-06-17T22:44:30.186-04:00  INFO 13996 --- [catalogo-service] [restartedMain] com.zaxxer.hikari.HikariDataSource       : HikariPool-1 - Starting...
2026-06-17T22:44:30.612-04:00  INFO 13996 --- [catalogo-service] [restartedMain] com.zaxxer.hikari.pool.HikariPool        : HikariPool-1 - Added connection com.mysql.cj.jdbc.ConnectionImpl@75074e0f
2026-06-17T22:44:30.617-04:00  INFO 13996 --- [catalogo-service] [restartedMain] com.zaxxer.hikari.HikariDataSource       : HikariPool-1 - Start completed.
2026-06-17T22:44:33.081-04:00  INFO 13996 --- [catalogo-service] [restartedMain] liquibase.changelog                      : Creating database changelog table with name: catalogo_db.databasechangelog
2026-06-17T22:44:33.348-04:00  INFO 13996 --- [catalogo-service] [restartedMain] liquibase.changelog                      : Reading from catalogo_db.databasechangelog
2026-06-17T22:44:33.392-04:00  INFO 13996 --- [catalogo-service] [restartedMain] liquibase.snapshot                       : Creating snapshot
2026-06-17T22:44:33.452-04:00  INFO 13996 --- [catalogo-service] [restartedMain] liquibase.ui                             : Name 'PK_DATABASECHANGELOGLOCK' ignored for PRIMARY key.
2026-06-17T22:44:33.605-04:00  INFO 13996 --- [catalogo-service] [restartedMain] liquibase.lockservice                    : Successfully acquired change log lock
2026-06-17T22:44:33.607-04:00  INFO 13996 --- [catalogo-service] [restartedMain] liquibase.command                        : Using deploymentId: 1750670157
2026-06-17T22:44:33.608-04:00  INFO 13996 --- [catalogo-service] [restartedMain] liquibase.changelog                      : Reading from catalogo_db.databasechangelog
2026-06-17T22:44:33.645-04:00  INFO 13996 --- [catalogo-service] [restartedMain] liquibase.ui                             : Running Changeset: db/changelog/001-create-categorias.yaml::1::cristopher
2026-06-17T22:44:33.661-04:00  INFO 13996 --- [catalogo-service] [restartedMain] liquibase.ui                             : Name 'PK_CATEGORIAS' ignored for PRIMARY key.
2026-06-17T22:44:33.661-04:00  INFO 13996 --- [catalogo-service] [restartedMain] liquibase.changelog                      : Table categorias created
2026-06-17T22:44:33.669-04:00  INFO 13996 --- [catalogo-service] [restartedMain] liquibase.changelog                      : ChangeSet db/changelog/001-create-categorias.yaml::1::cristopher ran successfully in 22ms
2026-06-17T22:44:33.684-04:00  INFO 13996 --- [catalogo-service] [restartedMain] liquibase.ui                             : Running Changeset: db/changelog/002-create-productos.yaml::2::cristopher
2026-06-17T22:44:33.699-04:00  INFO 13996 --- [catalogo-service] [restartedMain] liquibase.ui                             : Name 'PK_PRODUCTOS' ignored for PRIMARY key.
2026-06-17T22:44:33.700-04:00  INFO 13996 --- [catalogo-service] [restartedMain] liquibase.changelog                      : Table productos created
2026-06-17T22:44:33.761-04:00  INFO 13996 --- [catalogo-service] [restartedMain] liquibase.changelog                      : Foreign key constraint added to productos (categoria_id)
2026-06-17T22:44:33.765-04:00  INFO 13996 --- [catalogo-service] [restartedMain] liquibase.changelog                      : ChangeSet db/changelog/002-create-productos.yaml::2::cristopher ran successfully in 79ms
2026-06-17T22:44:33.783-04:00  INFO 13996 --- [catalogo-service] [restartedMain] liquibase.util                           : UPDATE SUMMARY
2026-06-17T22:44:33.783-04:00  INFO 13996 --- [catalogo-service] [restartedMain] liquibase.util                           : Run:                          2
2026-06-17T22:44:33.783-04:00  INFO 13996 --- [catalogo-service] [restartedMain] liquibase.util                           : Previously run:               0
2026-06-17T22:44:33.786-04:00  INFO 13996 --- [catalogo-service] [restartedMain] liquibase.util                           : Filtered out:                 0
2026-06-17T22:44:33.786-04:00  INFO 13996 --- [catalogo-service] [restartedMain] liquibase.util                           : -------------------------------
2026-06-17T22:44:33.786-04:00  INFO 13996 --- [catalogo-service] [restartedMain] liquibase.util                           : Total change sets:            2
2026-06-17T22:44:33.791-04:00  INFO 13996 --- [catalogo-service] [restartedMain] liquibase.util                           : Update summary generated
2026-06-17T22:44:33.797-04:00  INFO 13996 --- [catalogo-service] [restartedMain] liquibase.command                        : Update command completed successfully.
2026-06-17T22:44:33.799-04:00  INFO 13996 --- [catalogo-service] [restartedMain] liquibase.ui                             : Liquibase: Update has been successful. Rows affected: 0
2026-06-17T22:44:33.806-04:00  INFO 13996 --- [catalogo-service] [restartedMain] liquibase.lockservice                    : Successfully released change log lock
2026-06-17T22:44:33.810-04:00  INFO 13996 --- [catalogo-service] [restartedMain] liquibase.command                        : Command execution complete
2026-06-17T22:44:34.008-04:00  INFO 13996 --- [catalogo-service] [restartedMain] org.hibernate.orm.jpa                    : HHH008540: Processing PersistenceUnitInfo [name: default]
2026-06-17T22:44:34.122-04:00  INFO 13996 --- [catalogo-service] [restartedMain] org.hibernate.orm.core                   : HHH000001: Hibernate ORM core version 7.2.12.Final
2026-06-17T22:44:35.012-04:00  INFO 13996 --- [catalogo-service] [restartedMain] o.s.o.j.p.SpringPersistenceUnitInfo      : No LoadTimeWeaver setup: ignoring JPA class transformer
2026-06-17T22:44:35.162-04:00  WARN 13996 --- [catalogo-service] [restartedMain] org.hibernate.orm.core                   : HHH000511: The 5.5.5 version for [org.hibernate.dialect.MySQLDialect] is no longer supported, hence certain features may not work properly.The minimum supported version is 8.0.0. Check the community dialects project for available legacy versions.
2026-06-17T22:44:35.203-04:00  INFO 13996 --- [catalogo-service] [restartedMain] org.hibernate.orm.connections.pooling    : HHH10001005: Database info:
	Database JDBC URL [jdbc:mysql://localhost:3306/catalogo_db?createDatabaseIfNotExist=true]
	Database driver: MySQL Connector/J
	Database dialect: MySQLDialect
	Database version: 5.5.5
	Default catalog/schema: catalogo_db/undefined
	Autocommit mode: undefined/unknown
	Isolation level: REPEATABLE_READ [default REPEATABLE_READ]
	JDBC fetch size: none
	Pool: DataSourceConnectionProvider
	Minimum pool size: undefined/unknown
	Maximum pool size: undefined/unknown
2026-06-17T22:44:37.076-04:00  INFO 13996 --- [catalogo-service] [restartedMain] org.hibernate.orm.core                   : HHH000489: No JTA platform available (set 'hibernate.transaction.jta.platform' to enable JTA platform integration)
2026-06-17T22:44:37.099-04:00  INFO 13996 --- [catalogo-service] [restartedMain] j.LocalContainerEntityManagerFactoryBean : Initialized JPA EntityManagerFactory for persistence unit 'default'
2026-06-17T22:44:37.353-04:00  INFO 13996 --- [catalogo-service] [restartedMain] o.s.d.j.r.query.QueryEnhancerFactories   : Hibernate is in classpath; If applicable, HQL parser will be used.
2026-06-17T22:44:38.176-04:00  WARN 13996 --- [catalogo-service] [restartedMain] JpaBaseConfiguration$JpaWebConfiguration : spring.jpa.open-in-view is enabled by default. Therefore, database queries may be performed during view rendering. Explicitly configure spring.jpa.open-in-view to disable this warning
2026-06-17T22:44:39.144-04:00  INFO 13996 --- [catalogo-service] [restartedMain] o.s.boot.tomcat.TomcatWebServer          : Tomcat started on port 9092 (http) with context path '/'
2026-06-17T22:44:39.154-04:00  INFO 13996 --- [catalogo-service] [restartedMain] c.t.c.CatalogoServiceApplication         : Started CatalogoServiceApplication in 12.888 seconds (process running for 13.595)
2026-06-17T22:47:52.857-04:00  INFO 17332 --- [catalogo-service] [restartedMain] c.t.c.CatalogoServiceApplication         : Starting CatalogoServiceApplication using Java 21.0.11 with PID 17332 (C:\Users\crist\Desktop\Proyecto\titaniumarmor\catalogo-service\target\classes started by crist in C:\Users\crist\Desktop\Proyecto\titaniumarmor\catalogo-service)
2026-06-17T22:47:52.863-04:00  INFO 17332 --- [catalogo-service] [restartedMain] c.t.c.CatalogoServiceApplication         : The following 1 profile is active: "dev"
2026-06-17T22:47:52.960-04:00  INFO 17332 --- [catalogo-service] [restartedMain] .e.DevToolsPropertyDefaultsPostProcessor : Devtools property defaults active! Set 'spring.devtools.add-properties' to 'false' to disable
2026-06-17T22:47:52.963-04:00  INFO 17332 --- [catalogo-service] [restartedMain] .e.DevToolsPropertyDefaultsPostProcessor : For additional web related logging consider setting the 'logging.level.web' property to 'DEBUG'
2026-06-17T22:47:54.219-04:00  INFO 17332 --- [catalogo-service] [restartedMain] .s.d.r.c.RepositoryConfigurationDelegate : Bootstrapping Spring Data JPA repositories in DEFAULT mode.
2026-06-17T22:47:54.310-04:00  INFO 17332 --- [catalogo-service] [restartedMain] .s.d.r.c.RepositoryConfigurationDelegate : Finished Spring Data repository scanning in 75 ms. Found 2 JPA repository interfaces.
2026-06-17T22:47:55.331-04:00  INFO 17332 --- [catalogo-service] [restartedMain] o.s.boot.tomcat.TomcatWebServer          : Tomcat initialized with port 9092 (http)
2026-06-17T22:47:55.362-04:00  INFO 17332 --- [catalogo-service] [restartedMain] o.apache.catalina.core.StandardService   : Starting service [Tomcat]
2026-06-17T22:47:55.362-04:00  INFO 17332 --- [catalogo-service] [restartedMain] o.apache.catalina.core.StandardEngine    : Starting Servlet engine: [Apache Tomcat/11.0.21]
2026-06-17T22:47:55.451-04:00  INFO 17332 --- [catalogo-service] [restartedMain] b.w.c.s.WebApplicationContextInitializer : Root WebApplicationContext: initialization completed in 2487 ms
2026-06-17T22:47:55.738-04:00  INFO 17332 --- [catalogo-service] [restartedMain] com.zaxxer.hikari.HikariDataSource       : HikariPool-1 - Starting...
2026-06-17T22:47:56.179-04:00  INFO 17332 --- [catalogo-service] [restartedMain] com.zaxxer.hikari.pool.HikariPool        : HikariPool-1 - Added connection com.mysql.cj.jdbc.ConnectionImpl@268f6064
2026-06-17T22:47:56.187-04:00  INFO 17332 --- [catalogo-service] [restartedMain] com.zaxxer.hikari.HikariDataSource       : HikariPool-1 - Start completed.
2026-06-17T22:47:59.612-04:00  INFO 17332 --- [catalogo-service] [restartedMain] liquibase.changelog                      : Creating database changelog table with name: catalogo_db.databasechangelog
2026-06-17T22:47:59.812-04:00  INFO 17332 --- [catalogo-service] [restartedMain] liquibase.changelog                      : Reading from catalogo_db.databasechangelog
2026-06-17T22:47:59.841-04:00  INFO 17332 --- [catalogo-service] [restartedMain] liquibase.snapshot                       : Creating snapshot
2026-06-17T22:47:59.886-04:00  INFO 17332 --- [catalogo-service] [restartedMain] liquibase.ui                             : Name 'PK_DATABASECHANGELOGLOCK' ignored for PRIMARY key.
2026-06-17T22:48:00.009-04:00  INFO 17332 --- [catalogo-service] [restartedMain] liquibase.lockservice                    : Successfully acquired change log lock
2026-06-17T22:48:00.011-04:00  INFO 17332 --- [catalogo-service] [restartedMain] liquibase.command                        : Using deploymentId: 1750875709
2026-06-17T22:48:00.015-04:00  INFO 17332 --- [catalogo-service] [restartedMain] liquibase.changelog                      : Reading from catalogo_db.databasechangelog
2026-06-17T22:48:00.054-04:00  INFO 17332 --- [catalogo-service] [restartedMain] liquibase.ui                             : Running Changeset: db/changelog/001-create-categorias.yaml::1::cristopher
2026-06-17T22:48:00.071-04:00  INFO 17332 --- [catalogo-service] [restartedMain] liquibase.ui                             : Name 'PK_CATEGORIAS' ignored for PRIMARY key.
2026-06-17T22:48:00.071-04:00  INFO 17332 --- [catalogo-service] [restartedMain] liquibase.changelog                      : Table categorias created
2026-06-17T22:48:00.078-04:00  INFO 17332 --- [catalogo-service] [restartedMain] liquibase.changelog                      : ChangeSet db/changelog/001-create-categorias.yaml::1::cristopher ran successfully in 15ms
2026-06-17T22:48:00.094-04:00  INFO 17332 --- [catalogo-service] [restartedMain] liquibase.ui                             : Running Changeset: db/changelog/002-create-productos.yaml::2::cristopher
2026-06-17T22:48:00.105-04:00  INFO 17332 --- [catalogo-service] [restartedMain] liquibase.ui                             : Name 'PK_PRODUCTOS' ignored for PRIMARY key.
2026-06-17T22:48:00.110-04:00  INFO 17332 --- [catalogo-service] [restartedMain] liquibase.changelog                      : Table productos created
2026-06-17T22:48:00.158-04:00  INFO 17332 --- [catalogo-service] [restartedMain] liquibase.changelog                      : Foreign key constraint added to productos (categoria_id)
2026-06-17T22:48:00.160-04:00  INFO 17332 --- [catalogo-service] [restartedMain] liquibase.changelog                      : ChangeSet db/changelog/002-create-productos.yaml::2::cristopher ran successfully in 63ms
2026-06-17T22:48:00.176-04:00  INFO 17332 --- [catalogo-service] [restartedMain] liquibase.util                           : UPDATE SUMMARY
2026-06-17T22:48:00.176-04:00  INFO 17332 --- [catalogo-service] [restartedMain] liquibase.util                           : Run:                          2
2026-06-17T22:48:00.178-04:00  INFO 17332 --- [catalogo-service] [restartedMain] liquibase.util                           : Previously run:               0
2026-06-17T22:48:00.178-04:00  INFO 17332 --- [catalogo-service] [restartedMain] liquibase.util                           : Filtered out:                 0
2026-06-17T22:48:00.178-04:00  INFO 17332 --- [catalogo-service] [restartedMain] liquibase.util                           : -------------------------------
2026-06-17T22:48:00.178-04:00  INFO 17332 --- [catalogo-service] [restartedMain] liquibase.util                           : Total change sets:            2
2026-06-17T22:48:00.180-04:00  INFO 17332 --- [catalogo-service] [restartedMain] liquibase.util                           : Update summary generated
2026-06-17T22:48:00.190-04:00  INFO 17332 --- [catalogo-service] [restartedMain] liquibase.command                        : Update command completed successfully.
2026-06-17T22:48:00.191-04:00  INFO 17332 --- [catalogo-service] [restartedMain] liquibase.ui                             : Liquibase: Update has been successful. Rows affected: 0
2026-06-17T22:48:00.197-04:00  INFO 17332 --- [catalogo-service] [restartedMain] liquibase.lockservice                    : Successfully released change log lock
2026-06-17T22:48:00.202-04:00  INFO 17332 --- [catalogo-service] [restartedMain] liquibase.command                        : Command execution complete
2026-06-17T22:48:00.369-04:00  INFO 17332 --- [catalogo-service] [restartedMain] org.hibernate.orm.jpa                    : HHH008540: Processing PersistenceUnitInfo [name: default]
2026-06-17T22:48:00.484-04:00  INFO 17332 --- [catalogo-service] [restartedMain] org.hibernate.orm.core                   : HHH000001: Hibernate ORM core version 7.2.12.Final
2026-06-17T22:48:01.622-04:00  INFO 17332 --- [catalogo-service] [restartedMain] o.s.o.j.p.SpringPersistenceUnitInfo      : No LoadTimeWeaver setup: ignoring JPA class transformer
2026-06-17T22:48:01.755-04:00  WARN 17332 --- [catalogo-service] [restartedMain] org.hibernate.orm.core                   : HHH000511: The 5.5.5 version for [org.hibernate.dialect.MySQLDialect] is no longer supported, hence certain features may not work properly.The minimum supported version is 8.0.0. Check the community dialects project for available legacy versions.
2026-06-17T22:48:01.790-04:00  INFO 17332 --- [catalogo-service] [restartedMain] org.hibernate.orm.connections.pooling    : HHH10001005: Database info:
	Database JDBC URL [jdbc:mysql://localhost:3306/catalogo_db?createDatabaseIfNotExist=true]
	Database driver: MySQL Connector/J
	Database dialect: MySQLDialect
	Database version: 5.5.5
	Default catalog/schema: catalogo_db/undefined
	Autocommit mode: undefined/unknown
	Isolation level: REPEATABLE_READ [default REPEATABLE_READ]
	JDBC fetch size: none
	Pool: DataSourceConnectionProvider
	Minimum pool size: undefined/unknown
	Maximum pool size: undefined/unknown
2026-06-17T22:48:03.767-04:00  INFO 17332 --- [catalogo-service] [restartedMain] org.hibernate.orm.core                   : HHH000489: No JTA platform available (set 'hibernate.transaction.jta.platform' to enable JTA platform integration)
2026-06-17T22:48:03.785-04:00  INFO 17332 --- [catalogo-service] [restartedMain] j.LocalContainerEntityManagerFactoryBean : Initialized JPA EntityManagerFactory for persistence unit 'default'
2026-06-17T22:48:03.940-04:00  INFO 17332 --- [catalogo-service] [restartedMain] o.s.d.j.r.query.QueryEnhancerFactories   : Hibernate is in classpath; If applicable, HQL parser will be used.
2026-06-17T22:48:04.639-04:00  WARN 17332 --- [catalogo-service] [restartedMain] JpaBaseConfiguration$JpaWebConfiguration : spring.jpa.open-in-view is enabled by default. Therefore, database queries may be performed during view rendering. Explicitly configure spring.jpa.open-in-view to disable this warning
2026-06-17T22:48:05.661-04:00  INFO 17332 --- [catalogo-service] [restartedMain] o.s.boot.tomcat.TomcatWebServer          : Tomcat started on port 9092 (http) with context path '/'
2026-06-17T22:48:05.673-04:00  INFO 17332 --- [catalogo-service] [restartedMain] c.t.c.CatalogoServiceApplication         : Started CatalogoServiceApplication in 13.667 seconds (process running for 14.487)
2026-06-17T22:50:57.295-04:00  INFO 17332 --- [catalogo-service] [http-nio-9092-exec-1] o.a.c.c.C.[Tomcat].[localhost].[/]       : Initializing Spring DispatcherServlet 'dispatcherServlet'
2026-06-17T22:50:57.297-04:00  INFO 17332 --- [catalogo-service] [http-nio-9092-exec-1] o.s.web.servlet.DispatcherServlet        : Initializing Servlet 'dispatcherServlet'
2026-06-17T22:50:57.303-04:00  INFO 17332 --- [catalogo-service] [http-nio-9092-exec-1] o.s.web.servlet.DispatcherServlet        : Completed initialization in 6 ms
2026-06-17T22:50:57.359-04:00  INFO 17332 --- [catalogo-service] [http-nio-9092-exec-1] c.t.c.service.CategoriaService           : Listando categorias
2026-06-17T22:51:05.448-04:00  INFO 17332 --- [catalogo-service] [http-nio-9092-exec-2] c.t.c.service.ProductoService            : Listando productos
