2026-05-26T16:04:39.780-04:00  INFO 14152 --- [pagos-service] [restartedMain] c.t.p.PagosServiceApplication            : Starting PagosServiceApplication using Java 24.0.2 with PID 14152 (C:\Users\av-alumno\Downloads\titaniumarmor\pagos-service\target\classes started by AV-Alumno in C:\Users\av-alumno\Downloads\titaniumarmor\pagos-service)
2026-05-26T16:04:39.781-04:00  INFO 14152 --- [pagos-service] [restartedMain] c.t.p.PagosServiceApplication            : No active profile set, falling back to 1 default profile: "default"
2026-05-26T16:04:39.863-04:00  INFO 14152 --- [pagos-service] [restartedMain] .s.d.r.c.RepositoryConfigurationDelegate : Bootstrapping Spring Data JPA repositories in DEFAULT mode.
2026-05-26T16:04:39.871-04:00  INFO 14152 --- [pagos-service] [restartedMain] .s.d.r.c.RepositoryConfigurationDelegate : Finished Spring Data repository scanning in 5 ms. Found 1 JPA repository interface.
2026-05-26T16:04:39.918-04:00  INFO 14152 --- [pagos-service] [restartedMain] o.s.boot.tomcat.TomcatWebServer          : Tomcat initialized with port 8085 (http)
2026-05-26T16:04:39.919-04:00  INFO 14152 --- [pagos-service] [restartedMain] o.apache.catalina.core.StandardService   : Starting service [Tomcat]
2026-05-26T16:04:39.919-04:00  INFO 14152 --- [pagos-service] [restartedMain] o.apache.catalina.core.StandardEngine    : Starting Servlet engine: [Apache Tomcat/11.0.21]
2026-05-26T16:04:39.951-04:00  INFO 14152 --- [pagos-service] [restartedMain] b.w.c.s.WebApplicationContextInitializer : Root WebApplicationContext: initialization completed in 169 ms
2026-05-26T16:04:39.968-04:00  INFO 14152 --- [pagos-service] [restartedMain] com.zaxxer.hikari.HikariDataSource       : HikariPool-2 - Starting...
2026-05-26T16:04:39.975-04:00  INFO 14152 --- [pagos-service] [restartedMain] com.zaxxer.hikari.pool.HikariPool        : HikariPool-2 - Added connection com.mysql.cj.jdbc.ConnectionImpl@78635d55
2026-05-26T16:04:39.976-04:00  INFO 14152 --- [pagos-service] [restartedMain] com.zaxxer.hikari.HikariDataSource       : HikariPool-2 - Start completed.
2026-05-26T16:04:40.128-04:00  INFO 14152 --- [pagos-service] [restartedMain] liquibase.changelog                      : Reading from pagos_db.databasechangelog
2026-05-26T16:04:40.158-04:00  INFO 14152 --- [pagos-service] [restartedMain] liquibase.ui                             : Database is up to date, no changesets to execute
2026-05-26T16:04:40.160-04:00  INFO 14152 --- [pagos-service] [restartedMain] liquibase.changelog                      : Reading from pagos_db.databasechangelog
2026-05-26T16:04:40.163-04:00  INFO 14152 --- [pagos-service] [restartedMain] liquibase.util                           : UPDATE SUMMARY
2026-05-26T16:04:40.163-04:00  INFO 14152 --- [pagos-service] [restartedMain] liquibase.util                           : Run:                          0
2026-05-26T16:04:40.163-04:00  INFO 14152 --- [pagos-service] [restartedMain] liquibase.util                           : Previously run:               2
2026-05-26T16:04:40.163-04:00  INFO 14152 --- [pagos-service] [restartedMain] liquibase.util                           : Filtered out:                 0
2026-05-26T16:04:40.164-04:00  INFO 14152 --- [pagos-service] [restartedMain] liquibase.util                           : -------------------------------
2026-05-26T16:04:40.164-04:00  INFO 14152 --- [pagos-service] [restartedMain] liquibase.util                           : Total change sets:            2
2026-05-26T16:04:40.164-04:00  INFO 14152 --- [pagos-service] [restartedMain] liquibase.util                           : Update summary generated
2026-05-26T16:04:40.165-04:00  INFO 14152 --- [pagos-service] [restartedMain] liquibase.command                        : Command execution complete
2026-05-26T16:04:40.174-04:00  INFO 14152 --- [pagos-service] [restartedMain] org.hibernate.orm.jpa                    : HHH008540: Processing PersistenceUnitInfo [name: default]
2026-05-26T16:04:40.194-04:00  INFO 14152 --- [pagos-service] [restartedMain] o.s.o.j.p.SpringPersistenceUnitInfo      : No LoadTimeWeaver setup: ignoring JPA class transformer
2026-05-26T16:04:40.197-04:00  WARN 14152 --- [pagos-service] [restartedMain] org.hibernate.orm.core                   : HHH000511: The 5.5.5 version for [org.hibernate.dialect.MySQLDialect] is no longer supported, hence certain features may not work properly.The minimum supported version is 8.0.0. Check the community dialects project for available legacy versions.
2026-05-26T16:04:40.198-04:00  INFO 14152 --- [pagos-service] [restartedMain] org.hibernate.orm.connections.pooling    : HHH10001005: Database info:
	Database JDBC URL [jdbc:mysql://localhost:3306/pagos_db]
	Database driver: MySQL Connector/J
	Database dialect: MySQLDialect
	Database version: 5.5.5
	Default catalog/schema: pagos_db/undefined
	Autocommit mode: undefined/unknown
	Isolation level: REPEATABLE_READ [default REPEATABLE_READ]
	JDBC fetch size: none
	Pool: DataSourceConnectionProvider
	Minimum pool size: undefined/unknown
	Maximum pool size: undefined/unknown
2026-05-26T16:04:40.239-04:00  INFO 14152 --- [pagos-service] [restartedMain] org.hibernate.orm.core                   : HHH000489: No JTA platform available (set 'hibernate.transaction.jta.platform' to enable JTA platform integration)
2026-05-26T16:04:40.240-04:00  INFO 14152 --- [pagos-service] [restartedMain] j.LocalContainerEntityManagerFactoryBean : Initialized JPA EntityManagerFactory for persistence unit 'default'
2026-05-26T16:04:40.291-04:00  WARN 14152 --- [pagos-service] [restartedMain] JpaBaseConfiguration$JpaWebConfiguration : spring.jpa.open-in-view is enabled by default. Therefore, database queries may be performed during view rendering. Explicitly configure spring.jpa.open-in-view to disable this warning
2026-05-26T16:04:40.332-04:00  INFO 14152 --- [pagos-service] [restartedMain] o.s.boot.tomcat.TomcatWebServer          : Tomcat started on port 8085 (http) with context path '/'
2026-05-26T16:04:40.334-04:00  INFO 14152 --- [pagos-service] [restartedMain] c.t.p.PagosServiceApplication            : Started PagosServiceApplication in 0.585 seconds (process running for 254.571)
2026-05-26T16:04:40.335-04:00  INFO 14152 --- [pagos-service] [restartedMain] .ConditionEvaluationDeltaLoggingListener : Condition evaluation unchanged
2026-05-26T16:18:31.523-04:00  INFO 14152 --- [pagos-service] [http-nio-8085-exec-3] o.a.c.c.C.[Tomcat].[localhost].[/]       : Initializing Spring DispatcherServlet 'dispatcherServlet'
2026-05-26T16:18:31.524-04:00  INFO 14152 --- [pagos-service] [http-nio-8085-exec-3] o.s.web.servlet.DispatcherServlet        : Initializing Servlet 'dispatcherServlet'
2026-05-26T16:18:31.526-04:00  INFO 14152 --- [pagos-service] [http-nio-8085-exec-3] o.s.web.servlet.DispatcherServlet        : Completed initialization in 1 ms
2026-05-26T16:18:31.577-04:00  INFO 14152 --- [pagos-service] [http-nio-8085-exec-3] c.t.pagos_service.service.PagoService    : Listando pagos
2026-05-26T16:18:53.355-04:00  INFO 14152 --- [pagos-service] [http-nio-8085-exec-2] c.t.pagos_service.service.PagoService    : Listando pagos
2026-05-26T16:19:04.870-04:00  INFO 14152 --- [pagos-service] [http-nio-8085-exec-4] c.t.pagos_service.service.PagoService    : Listando pagos
2026-05-26T16:19:18.361-04:00  INFO 14152 --- [pagos-service] [http-nio-8085-exec-5] c.t.pagos_service.service.PagoService    : Listando pagos
2026-05-26T16:22:25.700-04:00  INFO 14152 --- [pagos-service] [http-nio-8085-exec-8] c.t.pagos_service.service.PagoService    : Listando pagos
2026-05-26T16:22:49.622-04:00  INFO 14152 --- [pagos-service] [http-nio-8085-exec-9] c.t.pagos_service.service.PagoService    : Listando pagos
2026-05-26T16:23:06.865-04:00  WARN 14152 --- [pagos-service] [http-nio-8085-exec-10] .m.m.a.ExceptionHandlerExceptionResolver : Resolved [org.springframework.web.method.annotation.MethodArgumentTypeMismatchException: Method parameter 'id': Failed to convert value of type 'java.lang.String' to required type 'java.lang.Long'; For input string: "buscar"]
2026-05-26T16:23:55.664-04:00  WARN 14152 --- [pagos-service] [http-nio-8085-exec-3] .m.m.a.ExceptionHandlerExceptionResolver : Resolved [org.springframework.web.servlet.resource.NoResourceFoundException: No static resource pagos/fechas/buscar for request '/pagos/fechas/buscar'.]
2026-05-26T16:24:06.512-04:00  WARN 14152 --- [pagos-service] [http-nio-8085-exec-4] .m.m.a.ExceptionHandlerExceptionResolver : Resolved [org.springframework.web.servlet.resource.NoResourceFoundException: No static resource fechas/buscar for request '/fechas/buscar'.]
2026-05-26T16:24:46.501-04:00  INFO 14152 --- [pagos-service] [http-nio-8085-exec-6] c.t.pagos_service.service.PagoService    : Listando pagos
2026-05-26T16:25:06.183-04:00  WARN 14152 --- [pagos-service] [http-nio-8085-exec-7] .m.m.a.ExceptionHandlerExceptionResolver : Resolved [org.springframework.web.servlet.resource.NoResourceFoundException: No static resource fechas for request '/fechas'.]
2026-05-26T16:25:32.031-04:00  INFO 14152 --- [pagos-service] [http-nio-8085-exec-9] c.t.pagos_service.service.PagoService    : Buscando pagos por fechas
2026-05-26T16:25:47.001-04:00  INFO 14152 --- [pagos-service] [http-nio-8085-exec-10] c.t.pagos_service.service.PagoService    : Buscando pagos por fechas
2026-05-26T16:25:57.240-04:00  INFO 14152 --- [pagos-service] [http-nio-8085-exec-1] c.t.pagos_service.service.PagoService    : Buscando pagos por fechas
2026-05-26T16:27:21.408-04:00  WARN 14152 --- [pagos-service] [http-nio-8085-exec-4] .m.m.a.ExceptionHandlerExceptionResolver : Resolved [org.springframework.web.servlet.resource.NoResourceFoundException: No static resource pagos/fechas/buscar for request '/pagos/fechas/buscar'.]
2026-05-26T16:27:39.144-04:00  WARN 14152 --- [pagos-service] [http-nio-8085-exec-6] .m.m.a.ExceptionHandlerExceptionResolver : Resolved [org.springframework.web.servlet.resource.NoResourceFoundException: No static resource pagos/fechas for request '/pagos/fechas/'.]
2026-05-26T16:28:16.006-04:00  INFO 14152 --- [pagos-service] [http-nio-8085-exec-8] c.t.pagos_service.service.PagoService    : Buscando pagos por fechas
2026-05-26T16:43:55.673-04:00  INFO 14152 --- [pagos-service] [SpringApplicationShutdownHook] o.s.boot.tomcat.GracefulShutdown         : Commencing graceful shutdown. Waiting for active requests to complete
2026-05-26T16:43:55.678-04:00  INFO 14152 --- [pagos-service] [tomcat-shutdown] o.s.boot.tomcat.GracefulShutdown         : Graceful shutdown complete
2026-05-26T16:43:55.680-04:00  INFO 14152 --- [pagos-service] [SpringApplicationShutdownHook] j.LocalContainerEntityManagerFactoryBean : Closing JPA EntityManagerFactory for persistence unit 'default'
2026-05-26T16:43:55.681-04:00  INFO 14152 --- [pagos-service] [SpringApplicationShutdownHook] com.zaxxer.hikari.HikariDataSource       : HikariPool-2 - Shutdown initiated...
2026-05-26T16:43:55.683-04:00  INFO 14152 --- [pagos-service] [SpringApplicationShutdownHook] com.zaxxer.hikari.HikariDataSource       : HikariPool-2 - Shutdown completed.
